<?xml version="1.0" encoding="UTF-8"?>
<testsuites name="Run_all_test_cases" time="3494.792" tests="64" failures="19" errors="0">
   <testsuite name="Run_all_test_cases" tests="64" failures="19" errors="0" time="3494.792" timestamp="2019-12-28 22:32:55" hostname="nguyentri - localhost" id="Test Suites/Run_all_test_cases">
      <properties>
[...]
</properties>
      <testcase name="Test Cases/1_Create_Team/New_Team (success case)" time="14.088" classname="Test Cases/1_Create_Team/New_Team (success case)" status="PASSED">
         <system-out><![CDATA[2019-12-28 22:32:56 - [TEST_CASE][PASSED] - Test Cases/1_Create_Team/New_Team (success case): Test Cases/1_Create_Team/New_Team (success case)

2019-12-28 22:32:57 - [TEST_STEP][PASSED] - openBrowser(""): Browser is opened with url: ''

2019-12-28 22:33:01 - [MESSAGE][PASSED] - Browser is opened with url: ''

2019-12-28 22:33:01 - [TEST_STEP][PASSED] - navigateToUrl("http://localhost:8065/"): Navigate to 'http://localhost:8065/' successfully

2019-12-28 22:33:02 - [MESSAGE][PASSED] - Navigate to 'http://localhost:8065/' successfully

2019-12-28 22:33:02 - [TEST_STEP][PASSED] - click(findTestObject("Object Repository/1_Create_Team/Create_New_Team/Page_CS311 - Bumblebee Mattermost/div_")): Object: 'Object Repository/1_Create_Team/Create_New_Team/Page_CS311 - Bumblebee Mattermost/div_' is clicked on

2019-12-28 22:33:06 - [MESSAGE][PASSED] - Object: 'Object Repository/1_Create_Team/Create_New_Team/Page_CS311 - Bumblebee Mattermost/div_' is clicked on

2019-12-28 22:33:06 - [TEST_STEP][PASSED] - setText(findTestObject("Object Repository/1_Create_Team/Create_New_Team/Page_CS311 - Bumblebee Mattermost/input_Team Name_teamNameInput"), "New team 4"): Text 'New team 4' is set on object 'Object Repository/1_Create_Team/Create_New_Team/Page_CS311 - Bumblebee Mattermost/input_Team Name_teamNameInput'

2019-12-28 22:33:07 - [MESSAGE][PASSED] - Text 'New team 4' is set on object 'Object Repository/1_Create_Team/Create_New_Team/Page_CS311 - Bumblebee Mattermost/input_Team Name_teamNameInput'

2019-12-28 22:33:07 - [TEST_STEP][PASSED] - click(findTestObject("Object Repository/1_Create_Team/Create_New_Team/Page_CS311 - Bumblebee Mattermost/span_Next")): Object: 'Object Repository/1_Create_Team/Create_New_Team/Page_CS311 - Bumblebee Mattermost/span_Next' is clicked on

2019-12-28 22:33:07 - [MESSAGE][PASSED] - Object: 'Object Repository/1_Create_Team/Create_New_Team/Page_CS311 - Bumblebee Mattermost/span_Next' is clicked on

2019-12-28 22:33:07 - [TEST_STEP][PASSED] - click(findTestObject("Object Repository/1_Create_Team/Create_New_Team/Page_CS311 - Bumblebee Mattermost/span_Finish")): Object: 'Object Repository/1_Create_Team/Create_New_Team/Page_CS311 - Bumblebee Mattermost/span_Finish' is clicked on

2019-12-28 22:33:08 - [MESSAGE][PASSED] - Object: 'Object Repository/1_Create_Team/Create_New_Team/Page_CS311 - Bumblebee Mattermost/span_Finish' is clicked on

2019-12-28 22:33:08 - [TEST_STEP][PASSED] - delay(2): Delayed 2 second(s)

2019-12-28 22:33:10 - [MESSAGE][PASSED] - Delayed 2 second(s)

2019-12-28 22:33:10 - [TEST_STEP][NOT_RUN] - closeBrowser(): NOT_RUN: closeBrowser()

2019-12-28 22:33:10 - [MESSAGE][NOT_RUN] - NOT_RUN: closeBrowser()]]></system-out>
         <system-err><![CDATA[]]></system-err>
      </testcase>
      <testcase name="Test Cases/1_Create_Team/Empty_Name" time="47.826" classname="Test Cases/1_Create_Team/Empty_Name" status="FAILED">
         <failure type="FAILED" message="Test Cases/1_Create_Team/Empty_Name FAILED.
Reason:
com.kms.katalon.core.exception.StepFailedException: Unable to click on object 'Object Repository/1_Create_Team/span_Create a new team'
	at com.kms.katalon.core.webui.keyword.internal.WebUIKeywordMain.stepFailed(WebUIKeywordMain.groovy:64)
	at com.kms.katalon.core.webui.keyword.internal.WebUIKeywordMain.runKeyword(WebUIKeywordMain.groovy:26)
	at com.kms.katalon.core.webui.keyword.builtin.ClickKeyword.click(ClickKeyword.groovy:102)
	at com.kms.katalon.core.webui.keyword.builtin.ClickKeyword.execute(ClickKeyword.groovy:43)
	at com.kms.katalon.core.keyword.internal.KeywordExecutor.executeKeywordForPlatform(KeywordExecutor.groovy:72)
	at com.kms.katalon.core.webui.keyword.WebUiBuiltInKeywords.click(WebUiBuiltInKeywords.groovy:616)
	at com.kms.katalon.core.webui.keyword.WebUiBuiltInKeywords$click$1.call(Unknown Source)
	at Empty_Name.run(Empty_Name:23)
	at com.kms.katalon.core.main.ScriptEngine.run(ScriptEngine.java:194)
	at com.kms.katalon.core.main.ScriptEngine.runScriptAsRawText(ScriptEngine.java:119)
	at com.kms.katalon.core.main.TestCaseExecutor.runScript(TestCaseExecutor.java:337)
	at com.kms.katalon.core.main.TestCaseExecutor.doExecute(TestCaseExecutor.java:328)
	at com.kms.katalon.core.main.TestCaseExecutor.processExecutionPhase(TestCaseExecutor.java:307)
	at com.kms.katalon.core.main.TestCaseExecutor.accessMainPhase(TestCaseExecutor.java:299)
	at com.kms.katalon.core.main.TestCaseExecutor.execute(TestCaseExecutor.java:233)
	at com.kms.katalon.core.main.TestSuiteExecutor.accessTestCaseMainPhase(TestSuiteExecutor.java:169)
	at com.kms.katalon.core.main.TestSuiteExecutor.accessTestSuiteMainPhase(TestSuiteExecutor.java:142)
	at com.kms.katalon.core.main.TestSuiteExecutor.execute(TestSuiteExecutor.java:91)
	at com.kms.katalon.core.main.TestCaseMain.startTestSuite(TestCaseMain.java:157)
	at com.kms.katalon.core.main.TestCaseMain$startTestSuite$0.call(Unknown Source)
	at TempTestSuite1577547168865.run(TempTestSuite1577547168865.groovy:36)
Caused by: com.kms.katalon.core.webui.exception.WebElementNotFoundException: Web element with id: 'Object Repository/1_Create_Team/span_Create a new team' located by 'By.xpath: //a[@id='createNewTeamLink']/span' not found
	at com.kms.katalon.core.webui.common.WebUiCommonHelper.findWebElement(WebUiCommonHelper.java:1154)
	at com.kms.katalon.core.webui.keyword.internal.WebUIAbstractKeyword.findWebElement(WebUIAbstractKeyword.groovy:27)
	at com.kms.katalon.core.webui.keyword.internal.WebUIAbstractKeyword.findWebElement(WebUIAbstractKeyword.groovy:26)
	at com.kms.katalon.core.webui.keyword.builtin.ClickKeyword$_click_closure1.doCall(ClickKeyword.groovy:67)
	at com.kms.katalon.core.webui.keyword.builtin.ClickKeyword$_click_closure1.call(ClickKeyword.groovy)
	at com.kms.katalon.core.webui.keyword.internal.WebUIKeywordMain.runKeyword(WebUIKeywordMain.groovy:20)
	... 19 more
"/>
         <system-out><![CDATA[2019-12-28 22:33:10 - [TEST_CASE][FAILED] - Test Cases/1_Create_Team/Empty_Name: Test Cases/1_Create_Team/Empty_Name FAILED.
Reason:
com.kms.katalon.core.exception.StepFailedException: Unable to click on object 'Object Repository/1_Create_Team/span_Create a new team'
	at com.kms.katalon.core.webui.keyword.internal.WebUIKeywordMain.stepFailed(WebUIKeywordMain.groovy:64)
	at com.kms.katalon.core.webui.keyword.internal.WebUIKeywordMain.runKeyword(WebUIKeywordMain.groovy:26)
	at com.kms.katalon.core.webui.keyword.builtin.ClickKeyword.click(ClickKeyword.groovy:102)
	at com.kms.katalon.core.webui.keyword.builtin.ClickKeyword.execute(ClickKeyword.groovy:43)
	at com.kms.katalon.core.keyword.internal.KeywordExecutor.executeKeywordForPlatform(KeywordExecutor.groovy:72)
	at com.kms.katalon.core.webui.keyword.WebUiBuiltInKeywords.click(WebUiBuiltInKeywords.groovy:616)
	at com.kms.katalon.core.webui.keyword.WebUiBuiltInKeywords$click$1.call(Unknown Source)
	at Empty_Name.run(Empty_Name:23)
	at com.kms.katalon.core.main.ScriptEngine.run(ScriptEngine.java:194)
	at com.kms.katalon.core.main.ScriptEngine.runScriptAsRawText(ScriptEngine.java:119)
	at com.kms.katalon.core.main.TestCaseExecutor.runScript(TestCaseExecutor.java:337)
	at com.kms.katalon.core.main.TestCaseExecutor.doExecute(TestCaseExecutor.java:328)
	at com.kms.katalon.core.main.TestCaseExecutor.processExecutionPhase(TestCaseExecutor.java:307)
	at com.kms.katalon.core.main.TestCaseExecutor.accessMainPhase(TestCaseExecutor.java:299)
	at com.kms.katalon.core.main.TestCaseExecutor.execute(TestCaseExecutor.java:233)
	at com.kms.katalon.core.main.TestSuiteExecutor.accessTestCaseMainPhase(TestSuiteExecutor.java:169)
	at com.kms.katalon.core.main.TestSuiteExecutor.accessTestSuiteMainPhase(TestSuiteExecutor.java:142)
	at com.kms.katalon.core.main.TestSuiteExecutor.execute(TestSuiteExecutor.java:91)
	at com.kms.katalon.core.main.TestCaseMain.startTestSuite(TestCaseMain.java:157)
	at com.kms.katalon.core.main.TestCaseMain$startTestSuite$0.call(Unknown Source)
	at TempTestSuite1577547168865.run(TempTestSuite1577547168865.groovy:36)
Caused by: com.kms.katalon.core.webui.exception.WebElementNotFoundException: Web element with id: 'Object Repository/1_Create_Team/span_Create a new team' located by 'By.xpath: //a[@id='createNewTeamLink']/span' not found
	at com.kms.katalon.core.webui.common.WebUiCommonHelper.findWebElement(WebUiCommonHelper.java:1154)
	at com.kms.katalon.core.webui.keyword.internal.WebUIAbstractKeyword.findWebElement(WebUIAbstractKeyword.groovy:27)
	at com.kms.katalon.core.webui.keyword.internal.WebUIAbstractKeyword.findWebElement(WebUIAbstractKeyword.groovy:26)
	at com.kms.katalon.core.webui.keyword.builtin.ClickKeyword$_click_closure1.doCall(ClickKeyword.groovy:67)
	at com.kms.katalon.core.webui.keyword.builtin.ClickKeyword$_click_closure1.call(ClickKeyword.groovy)
	at com.kms.katalon.core.webui.keyword.internal.WebUIKeywordMain.runKeyword(WebUIKeywordMain.groovy:20)
	... 19 more


2019-12-28 22:33:11 - [TEST_STEP][PASSED] - openBrowser(""): Browser is opened with url: ''

2019-12-28 22:33:11 - [MESSAGE][PASSED] - Browser is opened with url: ''

2019-12-28 22:33:11 - [TEST_STEP][PASSED] - navigateToUrl("http://localhost:8065/"): Navigate to 'http://localhost:8065/' successfully

2019-12-28 22:33:12 - [MESSAGE][PASSED] - Navigate to 'http://localhost:8065/' successfully

2019-12-28 22:33:12 - [TEST_STEP][FAILED] - click(findTestObject("1_Create_Team/span_Create a new team")): Unable to click on object 'Object Repository/1_Create_Team/span_Create a new team' (Root cause: com.kms.katalon.core.exception.StepFailedException: Unable to click on object 'Object Repository/1_Create_Team/span_Create a new team'
	at com.kms.katalon.core.webui.keyword.internal.WebUIKeywordMain.stepFailed(WebUIKeywordMain.groovy:64)
	at com.kms.katalon.core.webui.keyword.internal.WebUIKeywordMain.runKeyword(WebUIKeywordMain.groovy:26)
	at com.kms.katalon.core.webui.keyword.builtin.ClickKeyword.click(ClickKeyword.groovy:102)
	at com.kms.katalon.core.webui.keyword.builtin.ClickKeyword.execute(ClickKeyword.groovy:43)
	at com.kms.katalon.core.keyword.internal.KeywordExecutor.executeKeywordForPlatform(KeywordExecutor.groovy:72)
	at com.kms.katalon.core.webui.keyword.WebUiBuiltInKeywords.click(WebUiBuiltInKeywords.groovy:616)
	at com.kms.katalon.core.webui.keyword.WebUiBuiltInKeywords$click$1.call(Unknown Source)
	at Empty_Name.run(Empty_Name:23)
	at com.kms.katalon.core.main.ScriptEngine.run(ScriptEngine.java:194)
	at com.kms.katalon.core.main.ScriptEngine.runScriptAsRawText(ScriptEngine.java:119)
	at com.kms.katalon.core.main.TestCaseExecutor.runScript(TestCaseExecutor.java:337)
	at com.kms.katalon.core.main.TestCaseExecutor.doExecute(TestCaseExecutor.java:328)
	at com.kms.katalon.core.main.TestCaseExecutor.processExecutionPhase(TestCaseExecutor.java:307)
	at com.kms.katalon.core.main.TestCaseExecutor.accessMainPhase(TestCaseExecutor.java:299)
	at com.kms.katalon.core.main.TestCaseExecutor.execute(TestCaseExecutor.java:233)
	at com.kms.katalon.core.main.TestSuiteExecutor.accessTestCaseMainPhase(TestSuiteExecutor.java:169)
	at com.kms.katalon.core.main.TestSuiteExecutor.accessTestSuiteMainPhase(TestSuiteExecutor.java:142)
	at com.kms.katalon.core.main.TestSuiteExecutor.execute(TestSuiteExecutor.java:91)
	at com.kms.katalon.core.main.TestCaseMain.startTestSuite(TestCaseMain.java:157)
	at com.kms.katalon.core.main.TestCaseMain$startTestSuite$0.call(Unknown Source)
	at TempTestSuite1577547168865.run(TempTestSuite1577547168865.groovy:36)
Caused by: com.kms.katalon.core.webui.exception.WebElementNotFoundException: Web element with id: 'Object Repository/1_Create_Team/span_Create a new team' located by 'By.xpath: //a[@id='createNewTeamLink']/span' not found
	at com.kms.katalon.core.webui.common.WebUiCommonHelper.findWebElement(WebUiCommonHelper.java:1154)
	at com.kms.katalon.core.webui.keyword.internal.WebUIAbstractKeyword.findWebElement(WebUIAbstractKeyword.groovy:27)
	at com.kms.katalon.core.webui.keyword.internal.WebUIAbstractKeyword.findWebElement(WebUIAbstractKeyword.groovy:26)
	at com.kms.katalon.core.webui.keyword.builtin.ClickKeyword$_click_closure1.doCall(ClickKeyword.groovy:67)
	at com.kms.katalon.core.webui.keyword.builtin.ClickKeyword$_click_closure1.call(ClickKeyword.groovy)
	at com.kms.katalon.core.webui.keyword.internal.WebUIKeywordMain.runKeyword(WebUIKeywordMain.groovy:20)
	at com.kms.katalon.core.webui.keyword.builtin.ClickKeyword.click(ClickKeyword.groovy:102)
	at com.kms.katalon.core.webui.keyword.builtin.ClickKeyword.execute(ClickKeyword.groovy:43)
	at com.kms.katalon.core.keyword.internal.KeywordExecutor.executeKeywordForPlatform(KeywordExecutor.groovy:72)
	at com.kms.katalon.core.webui.keyword.WebUiBuiltInKeywords.click(WebUiBuiltInKeywords.groovy:616)
	at com.kms.katalon.core.webui.keyword.WebUiBuiltInKeywords$click$1.call(Unknown Source)
	at Script1576844842756.run(Script1576844842756.groovy:23)
	... 13 more
)

2019-12-28 22:33:56 - [MESSAGE][INFO] - Unable to find the element located by 'By.xpath: //a[@id='createNewTeamLink']/span'. Please recheck the objects properties to make sure the desired element is located. 

2019-12-28 22:33:56 - [MESSAGE][INFO] - [SMART_XPATH] Auto-trying out other XPath values in the test object.

2019-12-28 22:33:56 - [MESSAGE][INFO] - [SMART_XPATH] FAILED XPATH: '//a[@id='createNewTeamLink']/span'.

2019-12-28 22:33:56 - [MESSAGE][INFO] - [SMART_XPATH] FAILED XPATH: '(.//*[normalize-space(text()) and normalize-space(.)='No teams are available to join. Please create a new team or ask your administrator for an invite.'])[1]/following::span[1]'.

2019-12-28 22:33:57 - [MESSAGE][INFO] - [SMART_XPATH] FAILED XPATH: '(.//*[normalize-space(text()) and normalize-space(.)='Teams you can join:'])[1]/following::span[2]'.

2019-12-28 22:33:57 - [MESSAGE][INFO] - [SMART_XPATH] FAILED XPATH: '(.//*[normalize-space(text()) and normalize-space(.)='Go to System Console'])[1]/preceding::span[1]'.

2019-12-28 22:33:57 - [MESSAGE][INFO] - [SMART_XPATH] FAILED XPATH: '(.//*[normalize-space(text()) and normalize-space(.)='Mattermost'])[3]/preceding::span[2]'.

2019-12-28 22:33:57 - [MESSAGE][INFO] - [SMART_XPATH] FAILED XPATH: '//*/text()[normalize-space(.)='Create a new team']/parent::*'.

2019-12-28 22:33:58 - [MESSAGE][INFO] - [SMART_XPATH] FAILED XPATH: '//div[3]/div/div[2]/a/span'.

2019-12-28 22:33:58 - [MESSAGE][INFO] - [SMART_XPATH] No working XPath is found.

2019-12-28 22:33:58 - [MESSAGE][FAILED] - Unable to click on object 'Object Repository/1_Create_Team/span_Create a new team' (Root cause: com.kms.katalon.core.exception.StepFailedException: Unable to click on object 'Object Repository/1_Create_Team/span_Create a new team'
	at com.kms.katalon.core.webui.keyword.internal.WebUIKeywordMain.stepFailed(WebUIKeywordMain.groovy:64)
	at com.kms.katalon.core.webui.keyword.internal.WebUIKeywordMain.runKeyword(WebUIKeywordMain.groovy:26)
	at com.kms.katalon.core.webui.keyword.builtin.ClickKeyword.click(ClickKeyword.groovy:102)
	at com.kms.katalon.core.webui.keyword.builtin.ClickKeyword.execute(ClickKeyword.groovy:43)
	at com.kms.katalon.core.keyword.internal.KeywordExecutor.executeKeywordForPlatform(KeywordExecutor.groovy:72)
	at com.kms.katalon.core.webui.keyword.WebUiBuiltInKeywords.click(WebUiBuiltInKeywords.groovy:616)
	at com.kms.katalon.core.webui.keyword.WebUiBuiltInKeywords$click$1.call(Unknown Source)
	at Empty_Name.run(Empty_Name:23)
	at com.kms.katalon.core.main.ScriptEngine.run(ScriptEngine.java:194)
	at com.kms.katalon.core.main.ScriptEngine.runScriptAsRawText(ScriptEngine.java:119)
	at com.kms.katalon.core.main.TestCaseExecutor.runScript(TestCaseExecutor.java:337)
	at com.kms.katalon.core.main.TestCaseExecutor.doExecute(TestCaseExecutor.java:328)
	at com.kms.katalon.core.main.TestCaseExecutor.processExecutionPhase(TestCaseExecutor.java:307)
	at com.kms.katalon.core.main.TestCaseExecutor.accessMainPhase(TestCaseExecutor.java:299)
	at com.kms.katalon.core.main.TestCaseExecutor.execute(TestCaseExecutor.java:233)
	at com.kms.katalon.core.main.TestSuiteExecutor.accessTestCaseMainPhase(TestSuiteExecutor.java:169)
	at com.kms.katalon.core.main.TestSuiteExecutor.accessTestSuiteMainPhase(TestSuiteExecutor.java:142)
	at com.kms.katalon.core.main.TestSuiteExecutor.execute(TestSuiteExecutor.java:91)
	at com.kms.katalon.core.main.TestCaseMain.startTestSuite(TestCaseMain.java:157)
	at com.kms.katalon.core.main.TestCaseMain$startTestSuite$0.call(Unknown Source)
	at TempTestSuite1577547168865.run(TempTestSuite1577547168865.groovy:36)
Caused by: com.kms.katalon.core.webui.exception.WebElementNotFoundException: Web element with id: 'Object Repository/1_Create_Team/span_Create a new team' located by 'By.xpath: //a[@id='createNewTeamLink']/span' not found
	at com.kms.katalon.core.webui.common.WebUiCommonHelper.findWebElement(WebUiCommonHelper.java:1154)
	at com.kms.katalon.core.webui.keyword.internal.WebUIAbstractKeyword.findWebElement(WebUIAbstractKeyword.groovy:27)
	at com.kms.katalon.core.webui.keyword.internal.WebUIAbstractKeyword.findWebElement(WebUIAbstractKeyword.groovy:26)
	at com.kms.katalon.core.webui.keyword.builtin.ClickKeyword$_click_closure1.doCall(ClickKeyword.groovy:67)
	at com.kms.katalon.core.webui.keyword.builtin.ClickKeyword$_click_closure1.call(ClickKeyword.groovy)
	at com.kms.katalon.core.webui.keyword.internal.WebUIKeywordMain.runKeyword(WebUIKeywordMain.groovy:20)
	at com.kms.katalon.core.webui.keyword.builtin.ClickKeyword.click(ClickKeyword.groovy:102)
	at com.kms.katalon.core.webui.keyword.builtin.ClickKeyword.execute(ClickKeyword.groovy:43)
	at com.kms.katalon.core.keyword.internal.KeywordExecutor.executeKeywordForPlatform(KeywordExecutor.groovy:72)
	at com.kms.katalon.core.webui.keyword.WebUiBuiltInKeywords.click(WebUiBuiltInKeywords.groovy:616)
	at com.kms.katalon.core.webui.keyword.WebUiBuiltInKeywords$click$1.call(Unknown Source)
	at Script1576844842756.run(Script1576844842756.groovy:23)
	... 13 more
)
[[ATTACHMENT|/Users/nguyentri/Desktop/Learn/SoftwareEngineer/mattermost-duo-test/Reports/20191228_223248/Run_all_test_cases/20191228_223248/1577547238133.png]]]]></system-out>
         <system-err><![CDATA[2019-12-28 22:33:10 - [TEST_CASE][FAILED] - Test Cases/1_Create_Team/Empty_Name: Test Cases/1_Create_Team/Empty_Name FAILED.
Reason:
com.kms.katalon.core.exception.StepFailedException: Unable to click on object 'Object Repository/1_Create_Team/span_Create a new team'
	at com.kms.katalon.core.webui.keyword.internal.WebUIKeywordMain.stepFailed(WebUIKeywordMain.groovy:64)
	at com.kms.katalon.core.webui.keyword.internal.WebUIKeywordMain.runKeyword(WebUIKeywordMain.groovy:26)
	at com.kms.katalon.core.webui.keyword.builtin.ClickKeyword.click(ClickKeyword.groovy:102)
	at com.kms.katalon.core.webui.keyword.builtin.ClickKeyword.execute(ClickKeyword.groovy:43)
	at com.kms.katalon.core.keyword.internal.KeywordExecutor.executeKeywordForPlatform(KeywordExecutor.groovy:72)
	at com.kms.katalon.core.webui.keyword.WebUiBuiltInKeywords.click(WebUiBuiltInKeywords.groovy:616)
	at com.kms.katalon.core.webui.keyword.WebUiBuiltInKeywords$click$1.call(Unknown Source)
	at Empty_Name.run(Empty_Name:23)
	at com.kms.katalon.core.main.ScriptEngine.run(ScriptEngine.java:194)
	at com.kms.katalon.core.main.ScriptEngine.runScriptAsRawText(ScriptEngine.java:119)
	at com.kms.katalon.core.main.TestCaseExecutor.runScript(TestCaseExecutor.java:337)
	at com.kms.katalon.core.main.TestCaseExecutor.doExecute(TestCaseExecutor.java:328)
	at com.kms.katalon.core.main.TestCaseExecutor.processExecutionPhase(TestCaseExecutor.java:307)
	at com.kms.katalon.core.main.TestCaseExecutor.accessMainPhase(TestCaseExecutor.java:299)
	at com.kms.katalon.core.main.TestCaseExecutor.execute(TestCaseExecutor.java:233)
	at com.kms.katalon.core.main.TestSuiteExecutor.accessTestCaseMainPhase(TestSuiteExecutor.java:169)
	at com.kms.katalon.core.main.TestSuiteExecutor.accessTestSuiteMainPhase(TestSuiteExecutor.java:142)
	at com.kms.katalon.core.main.TestSuiteExecutor.execute(TestSuiteExecutor.java:91)
	at com.kms.katalon.core.main.TestCaseMain.startTestSuite(TestCaseMain.java:157)
	at com.kms.katalon.core.main.TestCaseMain$startTestSuite$0.call(Unknown Source)
	at TempTestSuite1577547168865.run(TempTestSuite1577547168865.groovy:36)
Caused by: com.kms.katalon.core.webui.exception.WebElementNotFoundException: Web element with id: 'Object Repository/1_Create_Team/span_Create a new team' located by 'By.xpath: //a[@id='createNewTeamLink']/span' not found
	at com.kms.katalon.core.webui.common.WebUiCommonHelper.findWebElement(WebUiCommonHelper.java:1154)
	at com.kms.katalon.core.webui.keyword.internal.WebUIAbstractKeyword.findWebElement(WebUIAbstractKeyword.groovy:27)
	at com.kms.katalon.core.webui.keyword.internal.WebUIAbstractKeyword.findWebElement(WebUIAbstractKeyword.groovy:26)
	at com.kms.katalon.core.webui.keyword.builtin.ClickKeyword$_click_closure1.doCall(ClickKeyword.groovy:67)
	at com.kms.katalon.core.webui.keyword.builtin.ClickKeyword$_click_closure1.call(ClickKeyword.groovy)
	at com.kms.katalon.core.webui.keyword.internal.WebUIKeywordMain.runKeyword(WebUIKeywordMain.groovy:20)
	... 19 more]]></system-err>
      </testcase>
      <testcase name="Test Cases/1_Create_Team/Existed_Team_Name" time="11.675" classname="Test Cases/1_Create_Team/Existed_Team_Name" status="PASSED">
         <system-out><![CDATA[2019-12-28 22:33:58 - [TEST_CASE][PASSED] - Test Cases/1_Create_Team/Existed_Team_Name: Test Cases/1_Create_Team/Existed_Team_Name

2019-12-28 22:33:59 - [TEST_STEP][PASSED] - openBrowser(""): Browser is opened with url: ''

2019-12-28 22:33:59 - [MESSAGE][PASSED] - Browser is opened with url: ''

2019-12-28 22:33:59 - [TEST_STEP][PASSED] - navigateToUrl("http://localhost:8065/"): Navigate to 'http://localhost:8065/' successfully

2019-12-28 22:34:01 - [MESSAGE][PASSED] - Navigate to 'http://localhost:8065/' successfully

2019-12-28 22:34:01 - [TEST_STEP][PASSED] - click(findTestObject("1_Create_Team/Existed_Team_Name/Page_CS420 - Bumblebee Mattermost/div_")): Object: 'Object Repository/1_Create_Team/Existed_Team_Name/Page_CS420 - Bumblebee Mattermost/div_' is clicked on

2019-12-28 22:34:06 - [MESSAGE][PASSED] - Object: 'Object Repository/1_Create_Team/Existed_Team_Name/Page_CS420 - Bumblebee Mattermost/div_' is clicked on

2019-12-28 22:34:06 - [TEST_STEP][PASSED] - setText(findTestObject("1_Create_Team/Existed_Team_Name/Page_CS420 - Bumblebee Mattermost/input_Team Name_teamNameInput"), existed_team_name): Text 'Bumblebee' is set on object 'Object Repository/1_Create_Team/Existed_Team_Name/Page_CS420 - Bumblebee Mattermost/input_Team Name_teamNameInput'

2019-12-28 22:34:07 - [MESSAGE][PASSED] - Text 'Bumblebee' is set on object 'Object Repository/1_Create_Team/Existed_Team_Name/Page_CS420 - Bumblebee Mattermost/input_Team Name_teamNameInput'

2019-12-28 22:34:07 - [TEST_STEP][PASSED] - click(findTestObject("1_Create_Team/Existed_Team_Name/Page_CS420 - Bumblebee Mattermost/span_Next")): Object: 'Object Repository/1_Create_Team/Existed_Team_Name/Page_CS420 - Bumblebee Mattermost/span_Next' is clicked on

2019-12-28 22:34:08 - [MESSAGE][PASSED] - Object: 'Object Repository/1_Create_Team/Existed_Team_Name/Page_CS420 - Bumblebee Mattermost/span_Next' is clicked on

2019-12-28 22:34:08 - [TEST_STEP][PASSED] - click(findTestObject("1_Create_Team/Existed_Team_Name/Page_CS420 - Bumblebee Mattermost/span_Finish")): Object: 'Object Repository/1_Create_Team/Existed_Team_Name/Page_CS420 - Bumblebee Mattermost/span_Finish' is clicked on

2019-12-28 22:34:09 - [MESSAGE][PASSED] - Object: 'Object Repository/1_Create_Team/Existed_Team_Name/Page_CS420 - Bumblebee Mattermost/span_Finish' is clicked on

2019-12-28 22:34:09 - [TEST_STEP][PASSED] - delay(1): Delayed 1 second(s)

2019-12-28 22:34:10 - [MESSAGE][PASSED] - Delayed 1 second(s)

2019-12-28 22:34:10 - [TEST_STEP][NOT_RUN] - closeBrowser(): NOT_RUN: closeBrowser()

2019-12-28 22:34:10 - [MESSAGE][NOT_RUN] - NOT_RUN: closeBrowser()]]></system-out>
         <system-err><![CDATA[]]></system-err>
      </testcase>
      <testcase name="Test Cases/1_Create_Team/Existed_Team_Name" time="10.007" classname="Test Cases/1_Create_Team/Existed_Team_Name" status="PASSED">
         <system-out><![CDATA[2019-12-28 22:34:10 - [TEST_CASE][PASSED] - Test Cases/1_Create_Team/Existed_Team_Name: Test Cases/1_Create_Team/Existed_Team_Name

2019-12-28 22:34:11 - [TEST_STEP][PASSED] - openBrowser(""): Browser is opened with url: ''

2019-12-28 22:34:11 - [MESSAGE][PASSED] - Browser is opened with url: ''

2019-12-28 22:34:11 - [TEST_STEP][PASSED] - navigateToUrl("http://localhost:8065/"): Navigate to 'http://localhost:8065/' successfully

2019-12-28 22:34:13 - [MESSAGE][PASSED] - Navigate to 'http://localhost:8065/' successfully

2019-12-28 22:34:13 - [TEST_STEP][PASSED] - click(findTestObject("1_Create_Team/Existed_Team_Name/Page_CS420 - Bumblebee Mattermost/div_")): Object: 'Object Repository/1_Create_Team/Existed_Team_Name/Page_CS420 - Bumblebee Mattermost/div_' is clicked on

2019-12-28 22:34:17 - [MESSAGE][PASSED] - Object: 'Object Repository/1_Create_Team/Existed_Team_Name/Page_CS420 - Bumblebee Mattermost/div_' is clicked on

2019-12-28 22:34:17 - [TEST_STEP][PASSED] - setText(findTestObject("1_Create_Team/Existed_Team_Name/Page_CS420 - Bumblebee Mattermost/input_Team Name_teamNameInput"), existed_team_name): Text 'CS311' is set on object 'Object Repository/1_Create_Team/Existed_Team_Name/Page_CS420 - Bumblebee Mattermost/input_Team Name_teamNameInput'

2019-12-28 22:34:17 - [MESSAGE][PASSED] - Text 'CS311' is set on object 'Object Repository/1_Create_Team/Existed_Team_Name/Page_CS420 - Bumblebee Mattermost/input_Team Name_teamNameInput'

2019-12-28 22:34:17 - [TEST_STEP][PASSED] - click(findTestObject("1_Create_Team/Existed_Team_Name/Page_CS420 - Bumblebee Mattermost/span_Next")): Object: 'Object Repository/1_Create_Team/Existed_Team_Name/Page_CS420 - Bumblebee Mattermost/span_Next' is clicked on

2019-12-28 22:34:18 - [MESSAGE][PASSED] - Object: 'Object Repository/1_Create_Team/Existed_Team_Name/Page_CS420 - Bumblebee Mattermost/span_Next' is clicked on

2019-12-28 22:34:18 - [TEST_STEP][PASSED] - click(findTestObject("1_Create_Team/Existed_Team_Name/Page_CS420 - Bumblebee Mattermost/span_Finish")): Object: 'Object Repository/1_Create_Team/Existed_Team_Name/Page_CS420 - Bumblebee Mattermost/span_Finish' is clicked on

2019-12-28 22:34:19 - [MESSAGE][PASSED] - Object: 'Object Repository/1_Create_Team/Existed_Team_Name/Page_CS420 - Bumblebee Mattermost/span_Finish' is clicked on

2019-12-28 22:34:19 - [TEST_STEP][PASSED] - delay(1): Delayed 1 second(s)

2019-12-28 22:34:20 - [MESSAGE][PASSED] - Delayed 1 second(s)

2019-12-28 22:34:20 - [TEST_STEP][NOT_RUN] - closeBrowser(): NOT_RUN: closeBrowser()

2019-12-28 22:34:20 - [MESSAGE][NOT_RUN] - NOT_RUN: closeBrowser()]]></system-out>
         <system-err><![CDATA[]]></system-err>
      </testcase>
      <testcase name="Test Cases/1_Create_Team/Existed_Team_Name" time="9.714" classname="Test Cases/1_Create_Team/Existed_Team_Name" status="PASSED">
         <system-out><![CDATA[2019-12-28 22:34:20 - [TEST_CASE][PASSED] - Test Cases/1_Create_Team/Existed_Team_Name: Test Cases/1_Create_Team/Existed_Team_Name

2019-12-28 22:34:20 - [TEST_STEP][PASSED] - openBrowser(""): Browser is opened with url: ''

2019-12-28 22:34:21 - [MESSAGE][PASSED] - Browser is opened with url: ''

2019-12-28 22:34:21 - [TEST_STEP][PASSED] - navigateToUrl("http://localhost:8065/"): Navigate to 'http://localhost:8065/' successfully

2019-12-28 22:34:22 - [MESSAGE][PASSED] - Navigate to 'http://localhost:8065/' successfully

2019-12-28 22:34:22 - [TEST_STEP][PASSED] - click(findTestObject("1_Create_Team/Existed_Team_Name/Page_CS420 - Bumblebee Mattermost/div_")): Object: 'Object Repository/1_Create_Team/Existed_Team_Name/Page_CS420 - Bumblebee Mattermost/div_' is clicked on

2019-12-28 22:34:27 - [MESSAGE][PASSED] - Object: 'Object Repository/1_Create_Team/Existed_Team_Name/Page_CS420 - Bumblebee Mattermost/div_' is clicked on

2019-12-28 22:34:27 - [TEST_STEP][PASSED] - setText(findTestObject("1_Create_Team/Existed_Team_Name/Page_CS420 - Bumblebee Mattermost/input_Team Name_teamNameInput"), existed_team_name): Text 'IlleniumAirCon' is set on object 'Object Repository/1_Create_Team/Existed_Team_Name/Page_CS420 - Bumblebee Mattermost/input_Team Name_teamNameInput'

2019-12-28 22:34:27 - [MESSAGE][PASSED] - Text 'IlleniumAirCon' is set on object 'Object Repository/1_Create_Team/Existed_Team_Name/Page_CS420 - Bumblebee Mattermost/input_Team Name_teamNameInput'

2019-12-28 22:34:27 - [TEST_STEP][PASSED] - click(findTestObject("1_Create_Team/Existed_Team_Name/Page_CS420 - Bumblebee Mattermost/span_Next")): Object: 'Object Repository/1_Create_Team/Existed_Team_Name/Page_CS420 - Bumblebee Mattermost/span_Next' is clicked on

2019-12-28 22:34:28 - [MESSAGE][PASSED] - Object: 'Object Repository/1_Create_Team/Existed_Team_Name/Page_CS420 - Bumblebee Mattermost/span_Next' is clicked on

2019-12-28 22:34:28 - [TEST_STEP][PASSED] - click(findTestObject("1_Create_Team/Existed_Team_Name/Page_CS420 - Bumblebee Mattermost/span_Finish")): Object: 'Object Repository/1_Create_Team/Existed_Team_Name/Page_CS420 - Bumblebee Mattermost/span_Finish' is clicked on

2019-12-28 22:34:29 - [MESSAGE][PASSED] - Object: 'Object Repository/1_Create_Team/Existed_Team_Name/Page_CS420 - Bumblebee Mattermost/span_Finish' is clicked on

2019-12-28 22:34:29 - [TEST_STEP][PASSED] - delay(1): Delayed 1 second(s)

2019-12-28 22:34:30 - [MESSAGE][PASSED] - Delayed 1 second(s)

2019-12-28 22:34:30 - [TEST_STEP][NOT_RUN] - closeBrowser(): NOT_RUN: closeBrowser()

2019-12-28 22:34:30 - [MESSAGE][NOT_RUN] - NOT_RUN: closeBrowser()]]></system-out>
         <system-err><![CDATA[]]></system-err>
      </testcase>
      <testcase name="Test Cases/1_Create_Team/Existed_Team_Name" time="7.716" classname="Test Cases/1_Create_Team/Existed_Team_Name" status="PASSED">
         <system-out><![CDATA[2019-12-28 22:34:30 - [TEST_CASE][PASSED] - Test Cases/1_Create_Team/Existed_Team_Name: Test Cases/1_Create_Team/Existed_Team_Name

2019-12-28 22:34:30 - [TEST_STEP][PASSED] - openBrowser(""): Browser is opened with url: ''

2019-12-28 22:34:31 - [MESSAGE][PASSED] - Browser is opened with url: ''

2019-12-28 22:34:31 - [TEST_STEP][PASSED] - navigateToUrl("http://localhost:8065/"): Navigate to 'http://localhost:8065/' successfully

2019-12-28 22:34:32 - [MESSAGE][PASSED] - Navigate to 'http://localhost:8065/' successfully

2019-12-28 22:34:32 - [TEST_STEP][PASSED] - click(findTestObject("1_Create_Team/Existed_Team_Name/Page_CS420 - Bumblebee Mattermost/div_")): Object: 'Object Repository/1_Create_Team/Existed_Team_Name/Page_CS420 - Bumblebee Mattermost/div_' is clicked on

2019-12-28 22:34:35 - [MESSAGE][PASSED] - Object: 'Object Repository/1_Create_Team/Existed_Team_Name/Page_CS420 - Bumblebee Mattermost/div_' is clicked on

2019-12-28 22:34:35 - [TEST_STEP][PASSED] - setText(findTestObject("1_Create_Team/Existed_Team_Name/Page_CS420 - Bumblebee Mattermost/input_Team Name_teamNameInput"), existed_team_name): Text 'Mayday' is set on object 'Object Repository/1_Create_Team/Existed_Team_Name/Page_CS420 - Bumblebee Mattermost/input_Team Name_teamNameInput'

2019-12-28 22:34:36 - [MESSAGE][PASSED] - Text 'Mayday' is set on object 'Object Repository/1_Create_Team/Existed_Team_Name/Page_CS420 - Bumblebee Mattermost/input_Team Name_teamNameInput'

2019-12-28 22:34:36 - [TEST_STEP][PASSED] - click(findTestObject("1_Create_Team/Existed_Team_Name/Page_CS420 - Bumblebee Mattermost/span_Next")): Object: 'Object Repository/1_Create_Team/Existed_Team_Name/Page_CS420 - Bumblebee Mattermost/span_Next' is clicked on

2019-12-28 22:34:36 - [MESSAGE][PASSED] - Object: 'Object Repository/1_Create_Team/Existed_Team_Name/Page_CS420 - Bumblebee Mattermost/span_Next' is clicked on

2019-12-28 22:34:36 - [TEST_STEP][PASSED] - click(findTestObject("1_Create_Team/Existed_Team_Name/Page_CS420 - Bumblebee Mattermost/span_Finish")): Object: 'Object Repository/1_Create_Team/Existed_Team_Name/Page_CS420 - Bumblebee Mattermost/span_Finish' is clicked on

2019-12-28 22:34:37 - [MESSAGE][PASSED] - Object: 'Object Repository/1_Create_Team/Existed_Team_Name/Page_CS420 - Bumblebee Mattermost/span_Finish' is clicked on

2019-12-28 22:34:37 - [TEST_STEP][PASSED] - delay(1): Delayed 1 second(s)

2019-12-28 22:34:38 - [MESSAGE][PASSED] - Delayed 1 second(s)

2019-12-28 22:34:38 - [TEST_STEP][NOT_RUN] - closeBrowser(): NOT_RUN: closeBrowser()

2019-12-28 22:34:38 - [MESSAGE][NOT_RUN] - NOT_RUN: closeBrowser()]]></system-out>
         <system-err><![CDATA[]]></system-err>
      </testcase>
      <testcase name="Test Cases/1_Create_Team/Existed_Team_Name" time="8.29" classname="Test Cases/1_Create_Team/Existed_Team_Name" status="PASSED">
         <system-out><![CDATA[2019-12-28 22:34:38 - [TEST_CASE][PASSED] - Test Cases/1_Create_Team/Existed_Team_Name: Test Cases/1_Create_Team/Existed_Team_Name

2019-12-28 22:34:38 - [TEST_STEP][PASSED] - openBrowser(""): Browser is opened with url: ''

2019-12-28 22:34:38 - [MESSAGE][PASSED] - Browser is opened with url: ''

2019-12-28 22:34:38 - [TEST_STEP][PASSED] - navigateToUrl("http://localhost:8065/"): Navigate to 'http://localhost:8065/' successfully

2019-12-28 22:34:39 - [MESSAGE][PASSED] - Navigate to 'http://localhost:8065/' successfully

2019-12-28 22:34:39 - [TEST_STEP][PASSED] - click(findTestObject("1_Create_Team/Existed_Team_Name/Page_CS420 - Bumblebee Mattermost/div_")): Object: 'Object Repository/1_Create_Team/Existed_Team_Name/Page_CS420 - Bumblebee Mattermost/div_' is clicked on

2019-12-28 22:34:43 - [MESSAGE][PASSED] - Object: 'Object Repository/1_Create_Team/Existed_Team_Name/Page_CS420 - Bumblebee Mattermost/div_' is clicked on

2019-12-28 22:34:43 - [TEST_STEP][PASSED] - setText(findTestObject("1_Create_Team/Existed_Team_Name/Page_CS420 - Bumblebee Mattermost/input_Team Name_teamNameInput"), existed_team_name): Text 'trii' is set on object 'Object Repository/1_Create_Team/Existed_Team_Name/Page_CS420 - Bumblebee Mattermost/input_Team Name_teamNameInput'

2019-12-28 22:34:44 - [MESSAGE][PASSED] - Text 'trii' is set on object 'Object Repository/1_Create_Team/Existed_Team_Name/Page_CS420 - Bumblebee Mattermost/input_Team Name_teamNameInput'

2019-12-28 22:34:44 - [TEST_STEP][PASSED] - click(findTestObject("1_Create_Team/Existed_Team_Name/Page_CS420 - Bumblebee Mattermost/span_Next")): Object: 'Object Repository/1_Create_Team/Existed_Team_Name/Page_CS420 - Bumblebee Mattermost/span_Next' is clicked on

2019-12-28 22:34:44 - [MESSAGE][PASSED] - Object: 'Object Repository/1_Create_Team/Existed_Team_Name/Page_CS420 - Bumblebee Mattermost/span_Next' is clicked on

2019-12-28 22:34:44 - [TEST_STEP][PASSED] - click(findTestObject("1_Create_Team/Existed_Team_Name/Page_CS420 - Bumblebee Mattermost/span_Finish")): Object: 'Object Repository/1_Create_Team/Existed_Team_Name/Page_CS420 - Bumblebee Mattermost/span_Finish' is clicked on

2019-12-28 22:34:45 - [MESSAGE][PASSED] - Object: 'Object Repository/1_Create_Team/Existed_Team_Name/Page_CS420 - Bumblebee Mattermost/span_Finish' is clicked on

2019-12-28 22:34:45 - [TEST_STEP][PASSED] - delay(1): Delayed 1 second(s)

2019-12-28 22:34:46 - [MESSAGE][PASSED] - Delayed 1 second(s)

2019-12-28 22:34:46 - [TEST_STEP][NOT_RUN] - closeBrowser(): NOT_RUN: closeBrowser()

2019-12-28 22:34:46 - [MESSAGE][NOT_RUN] - NOT_RUN: closeBrowser()]]></system-out>
         <system-err><![CDATA[]]></system-err>
      </testcase>
      <testcase name="Test Cases/1_Create_Team/Existed_Team_Name" time="7.447" classname="Test Cases/1_Create_Team/Existed_Team_Name" status="PASSED">
         <system-out><![CDATA[2019-12-28 22:34:46 - [TEST_CASE][PASSED] - Test Cases/1_Create_Team/Existed_Team_Name: Test Cases/1_Create_Team/Existed_Team_Name

2019-12-28 22:34:46 - [TEST_STEP][PASSED] - openBrowser(""): Browser is opened with url: ''

2019-12-28 22:34:47 - [MESSAGE][PASSED] - Browser is opened with url: ''

2019-12-28 22:34:47 - [TEST_STEP][PASSED] - navigateToUrl("http://localhost:8065/"): Navigate to 'http://localhost:8065/' successfully

2019-12-28 22:34:47 - [MESSAGE][PASSED] - Navigate to 'http://localhost:8065/' successfully

2019-12-28 22:34:47 - [TEST_STEP][PASSED] - click(findTestObject("1_Create_Team/Existed_Team_Name/Page_CS420 - Bumblebee Mattermost/div_")): Object: 'Object Repository/1_Create_Team/Existed_Team_Name/Page_CS420 - Bumblebee Mattermost/div_' is clicked on

2019-12-28 22:34:51 - [MESSAGE][PASSED] - Object: 'Object Repository/1_Create_Team/Existed_Team_Name/Page_CS420 - Bumblebee Mattermost/div_' is clicked on

2019-12-28 22:34:51 - [TEST_STEP][PASSED] - setText(findTestObject("1_Create_Team/Existed_Team_Name/Page_CS420 - Bumblebee Mattermost/input_Team Name_teamNameInput"), existed_team_name): Text 'YenThu' is set on object 'Object Repository/1_Create_Team/Existed_Team_Name/Page_CS420 - Bumblebee Mattermost/input_Team Name_teamNameInput'

2019-12-28 22:34:51 - [MESSAGE][PASSED] - Text 'YenThu' is set on object 'Object Repository/1_Create_Team/Existed_Team_Name/Page_CS420 - Bumblebee Mattermost/input_Team Name_teamNameInput'

2019-12-28 22:34:51 - [TEST_STEP][PASSED] - click(findTestObject("1_Create_Team/Existed_Team_Name/Page_CS420 - Bumblebee Mattermost/span_Next")): Object: 'Object Repository/1_Create_Team/Existed_Team_Name/Page_CS420 - Bumblebee Mattermost/span_Next' is clicked on

2019-12-28 22:34:52 - [MESSAGE][PASSED] - Object: 'Object Repository/1_Create_Team/Existed_Team_Name/Page_CS420 - Bumblebee Mattermost/span_Next' is clicked on

2019-12-28 22:34:52 - [TEST_STEP][PASSED] - click(findTestObject("1_Create_Team/Existed_Team_Name/Page_CS420 - Bumblebee Mattermost/span_Finish")): Object: 'Object Repository/1_Create_Team/Existed_Team_Name/Page_CS420 - Bumblebee Mattermost/span_Finish' is clicked on

2019-12-28 22:34:53 - [MESSAGE][PASSED] - Object: 'Object Repository/1_Create_Team/Existed_Team_Name/Page_CS420 - Bumblebee Mattermost/span_Finish' is clicked on

2019-12-28 22:34:53 - [TEST_STEP][PASSED] - delay(1): Delayed 1 second(s)

2019-12-28 22:34:54 - [MESSAGE][PASSED] - Delayed 1 second(s)

2019-12-28 22:34:54 - [TEST_STEP][NOT_RUN] - closeBrowser(): NOT_RUN: closeBrowser()

2019-12-28 22:34:54 - [MESSAGE][NOT_RUN] - NOT_RUN: closeBrowser()]]></system-out>
         <system-err><![CDATA[]]></system-err>
      </testcase>
      <testcase name="Test Cases/1_Create_Team/More_Than_15_Char" time="48.555" classname="Test Cases/1_Create_Team/More_Than_15_Char" status="FAILED">
         <failure type="FAILED" message="Test Cases/1_Create_Team/More_Than_15_Char FAILED.
Reason:
com.kms.katalon.core.exception.StepFailedException: Unable to click on object 'Object Repository/1_Create_Team/Page_Mattermost/span_Create a new team'
	at com.kms.katalon.core.webui.keyword.internal.WebUIKeywordMain.stepFailed(WebUIKeywordMain.groovy:64)
	at com.kms.katalon.core.webui.keyword.internal.WebUIKeywordMain.runKeyword(WebUIKeywordMain.groovy:26)
	at com.kms.katalon.core.webui.keyword.builtin.ClickKeyword.click(ClickKeyword.groovy:102)
	at com.kms.katalon.core.webui.keyword.builtin.ClickKeyword.execute(ClickKeyword.groovy:43)
	at com.kms.katalon.core.keyword.internal.KeywordExecutor.executeKeywordForPlatform(KeywordExecutor.groovy:72)
	at com.kms.katalon.core.webui.keyword.WebUiBuiltInKeywords.click(WebUiBuiltInKeywords.groovy:616)
	at com.kms.katalon.core.webui.keyword.WebUiBuiltInKeywords$click$1.call(Unknown Source)
	at More_Than_15_Char.run(More_Than_15_Char:23)
	at com.kms.katalon.core.main.ScriptEngine.run(ScriptEngine.java:194)
	at com.kms.katalon.core.main.ScriptEngine.runScriptAsRawText(ScriptEngine.java:119)
	at com.kms.katalon.core.main.TestCaseExecutor.runScript(TestCaseExecutor.java:337)
	at com.kms.katalon.core.main.TestCaseExecutor.doExecute(TestCaseExecutor.java:328)
	at com.kms.katalon.core.main.TestCaseExecutor.processExecutionPhase(TestCaseExecutor.java:307)
	at com.kms.katalon.core.main.TestCaseExecutor.accessMainPhase(TestCaseExecutor.java:299)
	at com.kms.katalon.core.main.TestCaseExecutor.execute(TestCaseExecutor.java:233)
	at com.kms.katalon.core.main.TestSuiteExecutor.accessTestCaseMainPhase(TestSuiteExecutor.java:169)
	at com.kms.katalon.core.main.TestSuiteExecutor.accessTestSuiteMainPhase(TestSuiteExecutor.java:142)
	at com.kms.katalon.core.main.TestSuiteExecutor.execute(TestSuiteExecutor.java:91)
	at com.kms.katalon.core.main.TestCaseMain.startTestSuite(TestCaseMain.java:157)
	at com.kms.katalon.core.main.TestCaseMain$startTestSuite$0.call(Unknown Source)
	at TempTestSuite1577547168865.run(TempTestSuite1577547168865.groovy:36)
Caused by: com.kms.katalon.core.webui.exception.WebElementNotFoundException: Web element with id: 'Object Repository/1_Create_Team/Page_Mattermost/span_Create a new team' located by 'By.xpath: //a[@id='createNewTeamLink']/span' not found
	at com.kms.katalon.core.webui.common.WebUiCommonHelper.findWebElement(WebUiCommonHelper.java:1154)
	at com.kms.katalon.core.webui.keyword.internal.WebUIAbstractKeyword.findWebElement(WebUIAbstractKeyword.groovy:27)
	at com.kms.katalon.core.webui.keyword.internal.WebUIAbstractKeyword.findWebElement(WebUIAbstractKeyword.groovy:26)
	at com.kms.katalon.core.webui.keyword.builtin.ClickKeyword$_click_closure1.doCall(ClickKeyword.groovy:67)
	at com.kms.katalon.core.webui.keyword.builtin.ClickKeyword$_click_closure1.call(ClickKeyword.groovy)
	at com.kms.katalon.core.webui.keyword.internal.WebUIKeywordMain.runKeyword(WebUIKeywordMain.groovy:20)
	... 19 more
"/>
         <system-out><![CDATA[2019-12-28 22:34:54 - [TEST_CASE][FAILED] - Test Cases/1_Create_Team/More_Than_15_Char: Test Cases/1_Create_Team/More_Than_15_Char FAILED.
Reason:
com.kms.katalon.core.exception.StepFailedException: Unable to click on object 'Object Repository/1_Create_Team/Page_Mattermost/span_Create a new team'
	at com.kms.katalon.core.webui.keyword.internal.WebUIKeywordMain.stepFailed(WebUIKeywordMain.groovy:64)
	at com.kms.katalon.core.webui.keyword.internal.WebUIKeywordMain.runKeyword(WebUIKeywordMain.groovy:26)
	at com.kms.katalon.core.webui.keyword.builtin.ClickKeyword.click(ClickKeyword.groovy:102)
	at com.kms.katalon.core.webui.keyword.builtin.ClickKeyword.execute(ClickKeyword.groovy:43)
	at com.kms.katalon.core.keyword.internal.KeywordExecutor.executeKeywordForPlatform(KeywordExecutor.groovy:72)
	at com.kms.katalon.core.webui.keyword.WebUiBuiltInKeywords.click(WebUiBuiltInKeywords.groovy:616)
	at com.kms.katalon.core.webui.keyword.WebUiBuiltInKeywords$click$1.call(Unknown Source)
	at More_Than_15_Char.run(More_Than_15_Char:23)
	at com.kms.katalon.core.main.ScriptEngine.run(ScriptEngine.java:194)
	at com.kms.katalon.core.main.ScriptEngine.runScriptAsRawText(ScriptEngine.java:119)
	at com.kms.katalon.core.main.TestCaseExecutor.runScript(TestCaseExecutor.java:337)
	at com.kms.katalon.core.main.TestCaseExecutor.doExecute(TestCaseExecutor.java:328)
	at com.kms.katalon.core.main.TestCaseExecutor.processExecutionPhase(TestCaseExecutor.java:307)
	at com.kms.katalon.core.main.TestCaseExecutor.accessMainPhase(TestCaseExecutor.java:299)
	at com.kms.katalon.core.main.TestCaseExecutor.execute(TestCaseExecutor.java:233)
	at com.kms.katalon.core.main.TestSuiteExecutor.accessTestCaseMainPhase(TestSuiteExecutor.java:169)
	at com.kms.katalon.core.main.TestSuiteExecutor.accessTestSuiteMainPhase(TestSuiteExecutor.java:142)
	at com.kms.katalon.core.main.TestSuiteExecutor.execute(TestSuiteExecutor.java:91)
	at com.kms.katalon.core.main.TestCaseMain.startTestSuite(TestCaseMain.java:157)
	at com.kms.katalon.core.main.TestCaseMain$startTestSuite$0.call(Unknown Source)
	at TempTestSuite1577547168865.run(TempTestSuite1577547168865.groovy:36)
Caused by: com.kms.katalon.core.webui.exception.WebElementNotFoundException: Web element with id: 'Object Repository/1_Create_Team/Page_Mattermost/span_Create a new team' located by 'By.xpath: //a[@id='createNewTeamLink']/span' not found
	at com.kms.katalon.core.webui.common.WebUiCommonHelper.findWebElement(WebUiCommonHelper.java:1154)
	at com.kms.katalon.core.webui.keyword.internal.WebUIAbstractKeyword.findWebElement(WebUIAbstractKeyword.groovy:27)
	at com.kms.katalon.core.webui.keyword.internal.WebUIAbstractKeyword.findWebElement(WebUIAbstractKeyword.groovy:26)
	at com.kms.katalon.core.webui.keyword.builtin.ClickKeyword$_click_closure1.doCall(ClickKeyword.groovy:67)
	at com.kms.katalon.core.webui.keyword.builtin.ClickKeyword$_click_closure1.call(ClickKeyword.groovy)
	at com.kms.katalon.core.webui.keyword.internal.WebUIKeywordMain.runKeyword(WebUIKeywordMain.groovy:20)
	... 19 more


2019-12-28 22:34:55 - [TEST_STEP][PASSED] - openBrowser(""): Browser is opened with url: ''

2019-12-28 22:34:56 - [MESSAGE][PASSED] - Browser is opened with url: ''

2019-12-28 22:34:56 - [TEST_STEP][PASSED] - navigateToUrl("http://localhost:8065/"): Navigate to 'http://localhost:8065/' successfully

2019-12-28 22:34:57 - [MESSAGE][PASSED] - Navigate to 'http://localhost:8065/' successfully

2019-12-28 22:34:57 - [TEST_STEP][FAILED] - click(findTestObject("1_Create_Team/Page_Mattermost/span_Create a new team")): Unable to click on object 'Object Repository/1_Create_Team/Page_Mattermost/span_Create a new team' (Root cause: com.kms.katalon.core.exception.StepFailedException: Unable to click on object 'Object Repository/1_Create_Team/Page_Mattermost/span_Create a new team'
	at com.kms.katalon.core.webui.keyword.internal.WebUIKeywordMain.stepFailed(WebUIKeywordMain.groovy:64)
	at com.kms.katalon.core.webui.keyword.internal.WebUIKeywordMain.runKeyword(WebUIKeywordMain.groovy:26)
	at com.kms.katalon.core.webui.keyword.builtin.ClickKeyword.click(ClickKeyword.groovy:102)
	at com.kms.katalon.core.webui.keyword.builtin.ClickKeyword.execute(ClickKeyword.groovy:43)
	at com.kms.katalon.core.keyword.internal.KeywordExecutor.executeKeywordForPlatform(KeywordExecutor.groovy:72)
	at com.kms.katalon.core.webui.keyword.WebUiBuiltInKeywords.click(WebUiBuiltInKeywords.groovy:616)
	at com.kms.katalon.core.webui.keyword.WebUiBuiltInKeywords$click$1.call(Unknown Source)
	at More_Than_15_Char.run(More_Than_15_Char:23)
	at com.kms.katalon.core.main.ScriptEngine.run(ScriptEngine.java:194)
	at com.kms.katalon.core.main.ScriptEngine.runScriptAsRawText(ScriptEngine.java:119)
	at com.kms.katalon.core.main.TestCaseExecutor.runScript(TestCaseExecutor.java:337)
	at com.kms.katalon.core.main.TestCaseExecutor.doExecute(TestCaseExecutor.java:328)
	at com.kms.katalon.core.main.TestCaseExecutor.processExecutionPhase(TestCaseExecutor.java:307)
	at com.kms.katalon.core.main.TestCaseExecutor.accessMainPhase(TestCaseExecutor.java:299)
	at com.kms.katalon.core.main.TestCaseExecutor.execute(TestCaseExecutor.java:233)
	at com.kms.katalon.core.main.TestSuiteExecutor.accessTestCaseMainPhase(TestSuiteExecutor.java:169)
	at com.kms.katalon.core.main.TestSuiteExecutor.accessTestSuiteMainPhase(TestSuiteExecutor.java:142)
	at com.kms.katalon.core.main.TestSuiteExecutor.execute(TestSuiteExecutor.java:91)
	at com.kms.katalon.core.main.TestCaseMain.startTestSuite(TestCaseMain.java:157)
	at com.kms.katalon.core.main.TestCaseMain$startTestSuite$0.call(Unknown Source)
	at TempTestSuite1577547168865.run(TempTestSuite1577547168865.groovy:36)
Caused by: com.kms.katalon.core.webui.exception.WebElementNotFoundException: Web element with id: 'Object Repository/1_Create_Team/Page_Mattermost/span_Create a new team' located by 'By.xpath: //a[@id='createNewTeamLink']/span' not found
	at com.kms.katalon.core.webui.common.WebUiCommonHelper.findWebElement(WebUiCommonHelper.java:1154)
	at com.kms.katalon.core.webui.keyword.internal.WebUIAbstractKeyword.findWebElement(WebUIAbstractKeyword.groovy:27)
	at com.kms.katalon.core.webui.keyword.internal.WebUIAbstractKeyword.findWebElement(WebUIAbstractKeyword.groovy:26)
	at com.kms.katalon.core.webui.keyword.builtin.ClickKeyword$_click_closure1.doCall(ClickKeyword.groovy:67)
	at com.kms.katalon.core.webui.keyword.builtin.ClickKeyword$_click_closure1.call(ClickKeyword.groovy)
	at com.kms.katalon.core.webui.keyword.internal.WebUIKeywordMain.runKeyword(WebUIKeywordMain.groovy:20)
	at com.kms.katalon.core.webui.keyword.builtin.ClickKeyword.click(ClickKeyword.groovy:102)
	at com.kms.katalon.core.webui.keyword.builtin.ClickKeyword.execute(ClickKeyword.groovy:43)
	at com.kms.katalon.core.keyword.internal.KeywordExecutor.executeKeywordForPlatform(KeywordExecutor.groovy:72)
	at com.kms.katalon.core.webui.keyword.WebUiBuiltInKeywords.click(WebUiBuiltInKeywords.groovy:616)
	at com.kms.katalon.core.webui.keyword.WebUiBuiltInKeywords$click$1.call(Unknown Source)
	at Script1576844845210.run(Script1576844845210.groovy:23)
	... 13 more
)

2019-12-28 22:35:40 - [MESSAGE][INFO] - Unable to find the element located by 'By.xpath: //a[@id='createNewTeamLink']/span'. Please recheck the objects properties to make sure the desired element is located. 

2019-12-28 22:35:40 - [MESSAGE][INFO] - [SMART_XPATH] Auto-trying out other XPath values in the test object.

2019-12-28 22:35:41 - [MESSAGE][INFO] - [SMART_XPATH] FAILED XPATH: '//a[@id='createNewTeamLink']/span'.

2019-12-28 22:35:41 - [MESSAGE][INFO] - [SMART_XPATH] FAILED XPATH: '(.//*[normalize-space(text()) and normalize-space(.)='No teams are available to join. Please create a new team or ask your administrator for an invite.'])[1]/following::span[1]'.

2019-12-28 22:35:41 - [MESSAGE][INFO] - [SMART_XPATH] FAILED XPATH: '(.//*[normalize-space(text()) and normalize-space(.)='Teams you can join:'])[1]/following::span[2]'.

2019-12-28 22:35:41 - [MESSAGE][INFO] - [SMART_XPATH] FAILED XPATH: '(.//*[normalize-space(text()) and normalize-space(.)='Go to System Console'])[1]/preceding::span[1]'.

2019-12-28 22:35:42 - [MESSAGE][INFO] - [SMART_XPATH] FAILED XPATH: '(.//*[normalize-space(text()) and normalize-space(.)='Mattermost'])[3]/preceding::span[2]'.

2019-12-28 22:35:42 - [MESSAGE][INFO] - [SMART_XPATH] FAILED XPATH: '//*/text()[normalize-space(.)='Create a new team']/parent::*'.

2019-12-28 22:35:42 - [MESSAGE][INFO] - [SMART_XPATH] FAILED XPATH: '//div[3]/div/div[2]/a/span'.

2019-12-28 22:35:42 - [MESSAGE][INFO] - [SMART_XPATH] No working XPath is found.

2019-12-28 22:35:42 - [MESSAGE][FAILED] - Unable to click on object 'Object Repository/1_Create_Team/Page_Mattermost/span_Create a new team' (Root cause: com.kms.katalon.core.exception.StepFailedException: Unable to click on object 'Object Repository/1_Create_Team/Page_Mattermost/span_Create a new team'
	at com.kms.katalon.core.webui.keyword.internal.WebUIKeywordMain.stepFailed(WebUIKeywordMain.groovy:64)
	at com.kms.katalon.core.webui.keyword.internal.WebUIKeywordMain.runKeyword(WebUIKeywordMain.groovy:26)
	at com.kms.katalon.core.webui.keyword.builtin.ClickKeyword.click(ClickKeyword.groovy:102)
	at com.kms.katalon.core.webui.keyword.builtin.ClickKeyword.execute(ClickKeyword.groovy:43)
	at com.kms.katalon.core.keyword.internal.KeywordExecutor.executeKeywordForPlatform(KeywordExecutor.groovy:72)
	at com.kms.katalon.core.webui.keyword.WebUiBuiltInKeywords.click(WebUiBuiltInKeywords.groovy:616)
	at com.kms.katalon.core.webui.keyword.WebUiBuiltInKeywords$click$1.call(Unknown Source)
	at More_Than_15_Char.run(More_Than_15_Char:23)
	at com.kms.katalon.core.main.ScriptEngine.run(ScriptEngine.java:194)
	at com.kms.katalon.core.main.ScriptEngine.runScriptAsRawText(ScriptEngine.java:119)
	at com.kms.katalon.core.main.TestCaseExecutor.runScript(TestCaseExecutor.java:337)
	at com.kms.katalon.core.main.TestCaseExecutor.doExecute(TestCaseExecutor.java:328)
	at com.kms.katalon.core.main.TestCaseExecutor.processExecutionPhase(TestCaseExecutor.java:307)
	at com.kms.katalon.core.main.TestCaseExecutor.accessMainPhase(TestCaseExecutor.java:299)
	at com.kms.katalon.core.main.TestCaseExecutor.execute(TestCaseExecutor.java:233)
	at com.kms.katalon.core.main.TestSuiteExecutor.accessTestCaseMainPhase(TestSuiteExecutor.java:169)
	at com.kms.katalon.core.main.TestSuiteExecutor.accessTestSuiteMainPhase(TestSuiteExecutor.java:142)
	at com.kms.katalon.core.main.TestSuiteExecutor.execute(TestSuiteExecutor.java:91)
	at com.kms.katalon.core.main.TestCaseMain.startTestSuite(TestCaseMain.java:157)
	at com.kms.katalon.core.main.TestCaseMain$startTestSuite$0.call(Unknown Source)
	at TempTestSuite1577547168865.run(TempTestSuite1577547168865.groovy:36)
Caused by: com.kms.katalon.core.webui.exception.WebElementNotFoundException: Web element with id: 'Object Repository/1_Create_Team/Page_Mattermost/span_Create a new team' located by 'By.xpath: //a[@id='createNewTeamLink']/span' not found
	at com.kms.katalon.core.webui.common.WebUiCommonHelper.findWebElement(WebUiCommonHelper.java:1154)
	at com.kms.katalon.core.webui.keyword.internal.WebUIAbstractKeyword.findWebElement(WebUIAbstractKeyword.groovy:27)
	at com.kms.katalon.core.webui.keyword.internal.WebUIAbstractKeyword.findWebElement(WebUIAbstractKeyword.groovy:26)
	at com.kms.katalon.core.webui.keyword.builtin.ClickKeyword$_click_closure1.doCall(ClickKeyword.groovy:67)
	at com.kms.katalon.core.webui.keyword.builtin.ClickKeyword$_click_closure1.call(ClickKeyword.groovy)
	at com.kms.katalon.core.webui.keyword.internal.WebUIKeywordMain.runKeyword(WebUIKeywordMain.groovy:20)
	at com.kms.katalon.core.webui.keyword.builtin.ClickKeyword.click(ClickKeyword.groovy:102)
	at com.kms.katalon.core.webui.keyword.builtin.ClickKeyword.execute(ClickKeyword.groovy:43)
	at com.kms.katalon.core.keyword.internal.KeywordExecutor.executeKeywordForPlatform(KeywordExecutor.groovy:72)
	at com.kms.katalon.core.webui.keyword.WebUiBuiltInKeywords.click(WebUiBuiltInKeywords.groovy:616)
	at com.kms.katalon.core.webui.keyword.WebUiBuiltInKeywords$click$1.call(Unknown Source)
	at Script1576844845210.run(Script1576844845210.groovy:23)
	... 13 more
)
[[ATTACHMENT|/Users/nguyentri/Desktop/Learn/SoftwareEngineer/mattermost-duo-test/Reports/20191228_223248/Run_all_test_cases/20191228_223248/1577547342596.png]]]]></system-out>
         <system-err><![CDATA[2019-12-28 22:34:54 - [TEST_CASE][FAILED] - Test Cases/1_Create_Team/More_Than_15_Char: Test Cases/1_Create_Team/More_Than_15_Char FAILED.
Reason:
com.kms.katalon.core.exception.StepFailedException: Unable to click on object 'Object Repository/1_Create_Team/Page_Mattermost/span_Create a new team'
	at com.kms.katalon.core.webui.keyword.internal.WebUIKeywordMain.stepFailed(WebUIKeywordMain.groovy:64)
	at com.kms.katalon.core.webui.keyword.internal.WebUIKeywordMain.runKeyword(WebUIKeywordMain.groovy:26)
	at com.kms.katalon.core.webui.keyword.builtin.ClickKeyword.click(ClickKeyword.groovy:102)
	at com.kms.katalon.core.webui.keyword.builtin.ClickKeyword.execute(ClickKeyword.groovy:43)
	at com.kms.katalon.core.keyword.internal.KeywordExecutor.executeKeywordForPlatform(KeywordExecutor.groovy:72)
	at com.kms.katalon.core.webui.keyword.WebUiBuiltInKeywords.click(WebUiBuiltInKeywords.groovy:616)
	at com.kms.katalon.core.webui.keyword.WebUiBuiltInKeywords$click$1.call(Unknown Source)
	at More_Than_15_Char.run(More_Than_15_Char:23)
	at com.kms.katalon.core.main.ScriptEngine.run(ScriptEngine.java:194)
	at com.kms.katalon.core.main.ScriptEngine.runScriptAsRawText(ScriptEngine.java:119)
	at com.kms.katalon.core.main.TestCaseExecutor.runScript(TestCaseExecutor.java:337)
	at com.kms.katalon.core.main.TestCaseExecutor.doExecute(TestCaseExecutor.java:328)
	at com.kms.katalon.core.main.TestCaseExecutor.processExecutionPhase(TestCaseExecutor.java:307)
	at com.kms.katalon.core.main.TestCaseExecutor.accessMainPhase(TestCaseExecutor.java:299)
	at com.kms.katalon.core.main.TestCaseExecutor.execute(TestCaseExecutor.java:233)
	at com.kms.katalon.core.main.TestSuiteExecutor.accessTestCaseMainPhase(TestSuiteExecutor.java:169)
	at com.kms.katalon.core.main.TestSuiteExecutor.accessTestSuiteMainPhase(TestSuiteExecutor.java:142)
	at com.kms.katalon.core.main.TestSuiteExecutor.execute(TestSuiteExecutor.java:91)
	at com.kms.katalon.core.main.TestCaseMain.startTestSuite(TestCaseMain.java:157)
	at com.kms.katalon.core.main.TestCaseMain$startTestSuite$0.call(Unknown Source)
	at TempTestSuite1577547168865.run(TempTestSuite1577547168865.groovy:36)
Caused by: com.kms.katalon.core.webui.exception.WebElementNotFoundException: Web element with id: 'Object Repository/1_Create_Team/Page_Mattermost/span_Create a new team' located by 'By.xpath: //a[@id='createNewTeamLink']/span' not found
	at com.kms.katalon.core.webui.common.WebUiCommonHelper.findWebElement(WebUiCommonHelper.java:1154)
	at com.kms.katalon.core.webui.keyword.internal.WebUIAbstractKeyword.findWebElement(WebUIAbstractKeyword.groovy:27)
	at com.kms.katalon.core.webui.keyword.internal.WebUIAbstractKeyword.findWebElement(WebUIAbstractKeyword.groovy:26)
	at com.kms.katalon.core.webui.keyword.builtin.ClickKeyword$_click_closure1.doCall(ClickKeyword.groovy:67)
	at com.kms.katalon.core.webui.keyword.builtin.ClickKeyword$_click_closure1.call(ClickKeyword.groovy)
	at com.kms.katalon.core.webui.keyword.internal.WebUIKeywordMain.runKeyword(WebUIKeywordMain.groovy:20)
	... 19 more]]></system-err>
      </testcase>
      <testcase name="Test Cases/1_Create_Team/More_Than_15_Char" time="47.715" classname="Test Cases/1_Create_Team/More_Than_15_Char" status="FAILED">
         <failure type="FAILED" message="Test Cases/1_Create_Team/More_Than_15_Char FAILED.
Reason:
com.kms.katalon.core.exception.StepFailedException: Unable to click on object 'Object Repository/1_Create_Team/Page_Mattermost/span_Create a new team'
	at com.kms.katalon.core.webui.keyword.internal.WebUIKeywordMain.stepFailed(WebUIKeywordMain.groovy:64)
	at com.kms.katalon.core.webui.keyword.internal.WebUIKeywordMain.runKeyword(WebUIKeywordMain.groovy:26)
	at com.kms.katalon.core.webui.keyword.builtin.ClickKeyword.click(ClickKeyword.groovy:102)
	at com.kms.katalon.core.webui.keyword.builtin.ClickKeyword.execute(ClickKeyword.groovy:43)
	at com.kms.katalon.core.keyword.internal.KeywordExecutor.executeKeywordForPlatform(KeywordExecutor.groovy:72)
	at com.kms.katalon.core.webui.keyword.WebUiBuiltInKeywords.click(WebUiBuiltInKeywords.groovy:616)
	at com.kms.katalon.core.webui.keyword.WebUiBuiltInKeywords$click$1.call(Unknown Source)
	at More_Than_15_Char.run(More_Than_15_Char:23)
	at com.kms.katalon.core.main.ScriptEngine.run(ScriptEngine.java:194)
	at com.kms.katalon.core.main.ScriptEngine.runScriptAsRawText(ScriptEngine.java:119)
	at com.kms.katalon.core.main.TestCaseExecutor.runScript(TestCaseExecutor.java:337)
	at com.kms.katalon.core.main.TestCaseExecutor.doExecute(TestCaseExecutor.java:328)
	at com.kms.katalon.core.main.TestCaseExecutor.processExecutionPhase(TestCaseExecutor.java:307)
	at com.kms.katalon.core.main.TestCaseExecutor.accessMainPhase(TestCaseExecutor.java:299)
	at com.kms.katalon.core.main.TestCaseExecutor.execute(TestCaseExecutor.java:233)
	at com.kms.katalon.core.main.TestSuiteExecutor.accessTestCaseMainPhase(TestSuiteExecutor.java:169)
	at com.kms.katalon.core.main.TestSuiteExecutor.accessTestSuiteMainPhase(TestSuiteExecutor.java:142)
	at com.kms.katalon.core.main.TestSuiteExecutor.execute(TestSuiteExecutor.java:91)
	at com.kms.katalon.core.main.TestCaseMain.startTestSuite(TestCaseMain.java:157)
	at com.kms.katalon.core.main.TestCaseMain$startTestSuite$0.call(Unknown Source)
	at TempTestSuite1577547168865.run(TempTestSuite1577547168865.groovy:36)
Caused by: com.kms.katalon.core.webui.exception.WebElementNotFoundException: Web element with id: 'Object Repository/1_Create_Team/Page_Mattermost/span_Create a new team' located by 'By.xpath: //a[@id='createNewTeamLink']/span' not found
	at com.kms.katalon.core.webui.common.WebUiCommonHelper.findWebElement(WebUiCommonHelper.java:1154)
	at com.kms.katalon.core.webui.keyword.internal.WebUIAbstractKeyword.findWebElement(WebUIAbstractKeyword.groovy:27)
	at com.kms.katalon.core.webui.keyword.internal.WebUIAbstractKeyword.findWebElement(WebUIAbstractKeyword.groovy:26)
	at com.kms.katalon.core.webui.keyword.builtin.ClickKeyword$_click_closure1.doCall(ClickKeyword.groovy:67)
	at com.kms.katalon.core.webui.keyword.builtin.ClickKeyword$_click_closure1.call(ClickKeyword.groovy)
	at com.kms.katalon.core.webui.keyword.internal.WebUIKeywordMain.runKeyword(WebUIKeywordMain.groovy:20)
	... 19 more
"/>
         <system-out><![CDATA[2019-12-28 22:35:42 - [TEST_CASE][FAILED] - Test Cases/1_Create_Team/More_Than_15_Char: Test Cases/1_Create_Team/More_Than_15_Char FAILED.
Reason:
com.kms.katalon.core.exception.StepFailedException: Unable to click on object 'Object Repository/1_Create_Team/Page_Mattermost/span_Create a new team'
	at com.kms.katalon.core.webui.keyword.internal.WebUIKeywordMain.stepFailed(WebUIKeywordMain.groovy:64)
	at com.kms.katalon.core.webui.keyword.internal.WebUIKeywordMain.runKeyword(WebUIKeywordMain.groovy:26)
	at com.kms.katalon.core.webui.keyword.builtin.ClickKeyword.click(ClickKeyword.groovy:102)
	at com.kms.katalon.core.webui.keyword.builtin.ClickKeyword.execute(ClickKeyword.groovy:43)
	at com.kms.katalon.core.keyword.internal.KeywordExecutor.executeKeywordForPlatform(KeywordExecutor.groovy:72)
	at com.kms.katalon.core.webui.keyword.WebUiBuiltInKeywords.click(WebUiBuiltInKeywords.groovy:616)
	at com.kms.katalon.core.webui.keyword.WebUiBuiltInKeywords$click$1.call(Unknown Source)
	at More_Than_15_Char.run(More_Than_15_Char:23)
	at com.kms.katalon.core.main.ScriptEngine.run(ScriptEngine.java:194)
	at com.kms.katalon.core.main.ScriptEngine.runScriptAsRawText(ScriptEngine.java:119)
	at com.kms.katalon.core.main.TestCaseExecutor.runScript(TestCaseExecutor.java:337)
	at com.kms.katalon.core.main.TestCaseExecutor.doExecute(TestCaseExecutor.java:328)
	at com.kms.katalon.core.main.TestCaseExecutor.processExecutionPhase(TestCaseExecutor.java:307)
	at com.kms.katalon.core.main.TestCaseExecutor.accessMainPhase(TestCaseExecutor.java:299)
	at com.kms.katalon.core.main.TestCaseExecutor.execute(TestCaseExecutor.java:233)
	at com.kms.katalon.core.main.TestSuiteExecutor.accessTestCaseMainPhase(TestSuiteExecutor.java:169)
	at com.kms.katalon.core.main.TestSuiteExecutor.accessTestSuiteMainPhase(TestSuiteExecutor.java:142)
	at com.kms.katalon.core.main.TestSuiteExecutor.execute(TestSuiteExecutor.java:91)
	at com.kms.katalon.core.main.TestCaseMain.startTestSuite(TestCaseMain.java:157)
	at com.kms.katalon.core.main.TestCaseMain$startTestSuite$0.call(Unknown Source)
	at TempTestSuite1577547168865.run(TempTestSuite1577547168865.groovy:36)
Caused by: com.kms.katalon.core.webui.exception.WebElementNotFoundException: Web element with id: 'Object Repository/1_Create_Team/Page_Mattermost/span_Create a new team' located by 'By.xpath: //a[@id='createNewTeamLink']/span' not found
	at com.kms.katalon.core.webui.common.WebUiCommonHelper.findWebElement(WebUiCommonHelper.java:1154)
	at com.kms.katalon.core.webui.keyword.internal.WebUIAbstractKeyword.findWebElement(WebUIAbstractKeyword.groovy:27)
	at com.kms.katalon.core.webui.keyword.internal.WebUIAbstractKeyword.findWebElement(WebUIAbstractKeyword.groovy:26)
	at com.kms.katalon.core.webui.keyword.builtin.ClickKeyword$_click_closure1.doCall(ClickKeyword.groovy:67)
	at com.kms.katalon.core.webui.keyword.builtin.ClickKeyword$_click_closure1.call(ClickKeyword.groovy)
	at com.kms.katalon.core.webui.keyword.internal.WebUIKeywordMain.runKeyword(WebUIKeywordMain.groovy:20)
	... 19 more


2019-12-28 22:35:42 - [TEST_STEP][PASSED] - openBrowser(""): Browser is opened with url: ''

2019-12-28 22:35:43 - [MESSAGE][PASSED] - Browser is opened with url: ''

2019-12-28 22:35:43 - [TEST_STEP][PASSED] - navigateToUrl("http://localhost:8065/"): Navigate to 'http://localhost:8065/' successfully

2019-12-28 22:35:43 - [MESSAGE][PASSED] - Navigate to 'http://localhost:8065/' successfully

2019-12-28 22:35:43 - [TEST_STEP][FAILED] - click(findTestObject("1_Create_Team/Page_Mattermost/span_Create a new team")): Unable to click on object 'Object Repository/1_Create_Team/Page_Mattermost/span_Create a new team' (Root cause: com.kms.katalon.core.exception.StepFailedException: Unable to click on object 'Object Repository/1_Create_Team/Page_Mattermost/span_Create a new team'
	at com.kms.katalon.core.webui.keyword.internal.WebUIKeywordMain.stepFailed(WebUIKeywordMain.groovy:64)
	at com.kms.katalon.core.webui.keyword.internal.WebUIKeywordMain.runKeyword(WebUIKeywordMain.groovy:26)
	at com.kms.katalon.core.webui.keyword.builtin.ClickKeyword.click(ClickKeyword.groovy:102)
	at com.kms.katalon.core.webui.keyword.builtin.ClickKeyword.execute(ClickKeyword.groovy:43)
	at com.kms.katalon.core.keyword.internal.KeywordExecutor.executeKeywordForPlatform(KeywordExecutor.groovy:72)
	at com.kms.katalon.core.webui.keyword.WebUiBuiltInKeywords.click(WebUiBuiltInKeywords.groovy:616)
	at com.kms.katalon.core.webui.keyword.WebUiBuiltInKeywords$click$1.call(Unknown Source)
	at More_Than_15_Char.run(More_Than_15_Char:23)
	at com.kms.katalon.core.main.ScriptEngine.run(ScriptEngine.java:194)
	at com.kms.katalon.core.main.ScriptEngine.runScriptAsRawText(ScriptEngine.java:119)
	at com.kms.katalon.core.main.TestCaseExecutor.runScript(TestCaseExecutor.java:337)
	at com.kms.katalon.core.main.TestCaseExecutor.doExecute(TestCaseExecutor.java:328)
	at com.kms.katalon.core.main.TestCaseExecutor.processExecutionPhase(TestCaseExecutor.java:307)
	at com.kms.katalon.core.main.TestCaseExecutor.accessMainPhase(TestCaseExecutor.java:299)
	at com.kms.katalon.core.main.TestCaseExecutor.execute(TestCaseExecutor.java:233)
	at com.kms.katalon.core.main.TestSuiteExecutor.accessTestCaseMainPhase(TestSuiteExecutor.java:169)
	at com.kms.katalon.core.main.TestSuiteExecutor.accessTestSuiteMainPhase(TestSuiteExecutor.java:142)
	at com.kms.katalon.core.main.TestSuiteExecutor.execute(TestSuiteExecutor.java:91)
	at com.kms.katalon.core.main.TestCaseMain.startTestSuite(TestCaseMain.java:157)
	at com.kms.katalon.core.main.TestCaseMain$startTestSuite$0.call(Unknown Source)
	at TempTestSuite1577547168865.run(TempTestSuite1577547168865.groovy:36)
Caused by: com.kms.katalon.core.webui.exception.WebElementNotFoundException: Web element with id: 'Object Repository/1_Create_Team/Page_Mattermost/span_Create a new team' located by 'By.xpath: //a[@id='createNewTeamLink']/span' not found
	at com.kms.katalon.core.webui.common.WebUiCommonHelper.findWebElement(WebUiCommonHelper.java:1154)
	at com.kms.katalon.core.webui.keyword.internal.WebUIAbstractKeyword.findWebElement(WebUIAbstractKeyword.groovy:27)
	at com.kms.katalon.core.webui.keyword.internal.WebUIAbstractKeyword.findWebElement(WebUIAbstractKeyword.groovy:26)
	at com.kms.katalon.core.webui.keyword.builtin.ClickKeyword$_click_closure1.doCall(ClickKeyword.groovy:67)
	at com.kms.katalon.core.webui.keyword.builtin.ClickKeyword$_click_closure1.call(ClickKeyword.groovy)
	at com.kms.katalon.core.webui.keyword.internal.WebUIKeywordMain.runKeyword(WebUIKeywordMain.groovy:20)
	at com.kms.katalon.core.webui.keyword.builtin.ClickKeyword.click(ClickKeyword.groovy:102)
	at com.kms.katalon.core.webui.keyword.builtin.ClickKeyword.execute(ClickKeyword.groovy:43)
	at com.kms.katalon.core.keyword.internal.KeywordExecutor.executeKeywordForPlatform(KeywordExecutor.groovy:72)
	at com.kms.katalon.core.webui.keyword.WebUiBuiltInKeywords.click(WebUiBuiltInKeywords.groovy:616)
	at com.kms.katalon.core.webui.keyword.WebUiBuiltInKeywords$click$1.call(Unknown Source)
	at Script1576844845210.run(Script1576844845210.groovy:23)
	... 13 more
)

2019-12-28 22:36:28 - [MESSAGE][INFO] - Unable to find the element located by 'By.xpath: //a[@id='createNewTeamLink']/span'. Please recheck the objects properties to make sure the desired element is located. 

2019-12-28 22:36:28 - [MESSAGE][INFO] - [SMART_XPATH] Auto-trying out other XPath values in the test object.

2019-12-28 22:36:28 - [MESSAGE][INFO] - [SMART_XPATH] FAILED XPATH: '//a[@id='createNewTeamLink']/span'.

2019-12-28 22:36:29 - [MESSAGE][INFO] - [SMART_XPATH] FAILED XPATH: '(.//*[normalize-space(text()) and normalize-space(.)='No teams are available to join. Please create a new team or ask your administrator for an invite.'])[1]/following::span[1]'.

2019-12-28 22:36:29 - [MESSAGE][INFO] - [SMART_XPATH] FAILED XPATH: '(.//*[normalize-space(text()) and normalize-space(.)='Teams you can join:'])[1]/following::span[2]'.

2019-12-28 22:36:29 - [MESSAGE][INFO] - [SMART_XPATH] FAILED XPATH: '(.//*[normalize-space(text()) and normalize-space(.)='Go to System Console'])[1]/preceding::span[1]'.

2019-12-28 22:36:29 - [MESSAGE][INFO] - [SMART_XPATH] FAILED XPATH: '(.//*[normalize-space(text()) and normalize-space(.)='Mattermost'])[3]/preceding::span[2]'.

2019-12-28 22:36:30 - [MESSAGE][INFO] - [SMART_XPATH] FAILED XPATH: '//*/text()[normalize-space(.)='Create a new team']/parent::*'.

2019-12-28 22:36:30 - [MESSAGE][INFO] - [SMART_XPATH] FAILED XPATH: '//div[3]/div/div[2]/a/span'.

2019-12-28 22:36:30 - [MESSAGE][INFO] - [SMART_XPATH] No working XPath is found.

2019-12-28 22:36:30 - [MESSAGE][FAILED] - Unable to click on object 'Object Repository/1_Create_Team/Page_Mattermost/span_Create a new team' (Root cause: com.kms.katalon.core.exception.StepFailedException: Unable to click on object 'Object Repository/1_Create_Team/Page_Mattermost/span_Create a new team'
	at com.kms.katalon.core.webui.keyword.internal.WebUIKeywordMain.stepFailed(WebUIKeywordMain.groovy:64)
	at com.kms.katalon.core.webui.keyword.internal.WebUIKeywordMain.runKeyword(WebUIKeywordMain.groovy:26)
	at com.kms.katalon.core.webui.keyword.builtin.ClickKeyword.click(ClickKeyword.groovy:102)
	at com.kms.katalon.core.webui.keyword.builtin.ClickKeyword.execute(ClickKeyword.groovy:43)
	at com.kms.katalon.core.keyword.internal.KeywordExecutor.executeKeywordForPlatform(KeywordExecutor.groovy:72)
	at com.kms.katalon.core.webui.keyword.WebUiBuiltInKeywords.click(WebUiBuiltInKeywords.groovy:616)
	at com.kms.katalon.core.webui.keyword.WebUiBuiltInKeywords$click$1.call(Unknown Source)
	at More_Than_15_Char.run(More_Than_15_Char:23)
	at com.kms.katalon.core.main.ScriptEngine.run(ScriptEngine.java:194)
	at com.kms.katalon.core.main.ScriptEngine.runScriptAsRawText(ScriptEngine.java:119)
	at com.kms.katalon.core.main.TestCaseExecutor.runScript(TestCaseExecutor.java:337)
	at com.kms.katalon.core.main.TestCaseExecutor.doExecute(TestCaseExecutor.java:328)
	at com.kms.katalon.core.main.TestCaseExecutor.processExecutionPhase(TestCaseExecutor.java:307)
	at com.kms.katalon.core.main.TestCaseExecutor.accessMainPhase(TestCaseExecutor.java:299)
	at com.kms.katalon.core.main.TestCaseExecutor.execute(TestCaseExecutor.java:233)
	at com.kms.katalon.core.main.TestSuiteExecutor.accessTestCaseMainPhase(TestSuiteExecutor.java:169)
	at com.kms.katalon.core.main.TestSuiteExecutor.accessTestSuiteMainPhase(TestSuiteExecutor.java:142)
	at com.kms.katalon.core.main.TestSuiteExecutor.execute(TestSuiteExecutor.java:91)
	at com.kms.katalon.core.main.TestCaseMain.startTestSuite(TestCaseMain.java:157)
	at com.kms.katalon.core.main.TestCaseMain$startTestSuite$0.call(Unknown Source)
	at TempTestSuite1577547168865.run(TempTestSuite1577547168865.groovy:36)
Caused by: com.kms.katalon.core.webui.exception.WebElementNotFoundException: Web element with id: 'Object Repository/1_Create_Team/Page_Mattermost/span_Create a new team' located by 'By.xpath: //a[@id='createNewTeamLink']/span' not found
	at com.kms.katalon.core.webui.common.WebUiCommonHelper.findWebElement(WebUiCommonHelper.java:1154)
	at com.kms.katalon.core.webui.keyword.internal.WebUIAbstractKeyword.findWebElement(WebUIAbstractKeyword.groovy:27)
	at com.kms.katalon.core.webui.keyword.internal.WebUIAbstractKeyword.findWebElement(WebUIAbstractKeyword.groovy:26)
	at com.kms.katalon.core.webui.keyword.builtin.ClickKeyword$_click_closure1.doCall(ClickKeyword.groovy:67)
	at com.kms.katalon.core.webui.keyword.builtin.ClickKeyword$_click_closure1.call(ClickKeyword.groovy)
	at com.kms.katalon.core.webui.keyword.internal.WebUIKeywordMain.runKeyword(WebUIKeywordMain.groovy:20)
	at com.kms.katalon.core.webui.keyword.builtin.ClickKeyword.click(ClickKeyword.groovy:102)
	at com.kms.katalon.core.webui.keyword.builtin.ClickKeyword.execute(ClickKeyword.groovy:43)
	at com.kms.katalon.core.keyword.internal.KeywordExecutor.executeKeywordForPlatform(KeywordExecutor.groovy:72)
	at com.kms.katalon.core.webui.keyword.WebUiBuiltInKeywords.click(WebUiBuiltInKeywords.groovy:616)
	at com.kms.katalon.core.webui.keyword.WebUiBuiltInKeywords$click$1.call(Unknown Source)
	at Script1576844845210.run(Script1576844845210.groovy:23)
	... 13 more
)
[[ATTACHMENT|/Users/nguyentri/Desktop/Learn/SoftwareEngineer/mattermost-duo-test/Reports/20191228_223248/Run_all_test_cases/20191228_223248/1577547390335.png]]]]></system-out>
         <system-err><![CDATA[2019-12-28 22:35:42 - [TEST_CASE][FAILED] - Test Cases/1_Create_Team/More_Than_15_Char: Test Cases/1_Create_Team/More_Than_15_Char FAILED.
Reason:
com.kms.katalon.core.exception.StepFailedException: Unable to click on object 'Object Repository/1_Create_Team/Page_Mattermost/span_Create a new team'
	at com.kms.katalon.core.webui.keyword.internal.WebUIKeywordMain.stepFailed(WebUIKeywordMain.groovy:64)
	at com.kms.katalon.core.webui.keyword.internal.WebUIKeywordMain.runKeyword(WebUIKeywordMain.groovy:26)
	at com.kms.katalon.core.webui.keyword.builtin.ClickKeyword.click(ClickKeyword.groovy:102)
	at com.kms.katalon.core.webui.keyword.builtin.ClickKeyword.execute(ClickKeyword.groovy:43)
	at com.kms.katalon.core.keyword.internal.KeywordExecutor.executeKeywordForPlatform(KeywordExecutor.groovy:72)
	at com.kms.katalon.core.webui.keyword.WebUiBuiltInKeywords.click(WebUiBuiltInKeywords.groovy:616)
	at com.kms.katalon.core.webui.keyword.WebUiBuiltInKeywords$click$1.call(Unknown Source)
	at More_Than_15_Char.run(More_Than_15_Char:23)
	at com.kms.katalon.core.main.ScriptEngine.run(ScriptEngine.java:194)
	at com.kms.katalon.core.main.ScriptEngine.runScriptAsRawText(ScriptEngine.java:119)
	at com.kms.katalon.core.main.TestCaseExecutor.runScript(TestCaseExecutor.java:337)
	at com.kms.katalon.core.main.TestCaseExecutor.doExecute(TestCaseExecutor.java:328)
	at com.kms.katalon.core.main.TestCaseExecutor.processExecutionPhase(TestCaseExecutor.java:307)
	at com.kms.katalon.core.main.TestCaseExecutor.accessMainPhase(TestCaseExecutor.java:299)
	at com.kms.katalon.core.main.TestCaseExecutor.execute(TestCaseExecutor.java:233)
	at com.kms.katalon.core.main.TestSuiteExecutor.accessTestCaseMainPhase(TestSuiteExecutor.java:169)
	at com.kms.katalon.core.main.TestSuiteExecutor.accessTestSuiteMainPhase(TestSuiteExecutor.java:142)
	at com.kms.katalon.core.main.TestSuiteExecutor.execute(TestSuiteExecutor.java:91)
	at com.kms.katalon.core.main.TestCaseMain.startTestSuite(TestCaseMain.java:157)
	at com.kms.katalon.core.main.TestCaseMain$startTestSuite$0.call(Unknown Source)
	at TempTestSuite1577547168865.run(TempTestSuite1577547168865.groovy:36)
Caused by: com.kms.katalon.core.webui.exception.WebElementNotFoundException: Web element with id: 'Object Repository/1_Create_Team/Page_Mattermost/span_Create a new team' located by 'By.xpath: //a[@id='createNewTeamLink']/span' not found
	at com.kms.katalon.core.webui.common.WebUiCommonHelper.findWebElement(WebUiCommonHelper.java:1154)
	at com.kms.katalon.core.webui.keyword.internal.WebUIAbstractKeyword.findWebElement(WebUIAbstractKeyword.groovy:27)
	at com.kms.katalon.core.webui.keyword.internal.WebUIAbstractKeyword.findWebElement(WebUIAbstractKeyword.groovy:26)
	at com.kms.katalon.core.webui.keyword.builtin.ClickKeyword$_click_closure1.doCall(ClickKeyword.groovy:67)
	at com.kms.katalon.core.webui.keyword.builtin.ClickKeyword$_click_closure1.call(ClickKeyword.groovy)
	at com.kms.katalon.core.webui.keyword.internal.WebUIKeywordMain.runKeyword(WebUIKeywordMain.groovy:20)
	... 19 more]]></system-err>
      </testcase>
      <testcase name="Test Cases/1_Create_Team/More_Than_15_Char" time="47.636" classname="Test Cases/1_Create_Team/More_Than_15_Char" status="FAILED">
         <failure type="FAILED" message="Test Cases/1_Create_Team/More_Than_15_Char FAILED.
Reason:
com.kms.katalon.core.exception.StepFailedException: Unable to click on object 'Object Repository/1_Create_Team/Page_Mattermost/span_Create a new team'
	at com.kms.katalon.core.webui.keyword.internal.WebUIKeywordMain.stepFailed(WebUIKeywordMain.groovy:64)
	at com.kms.katalon.core.webui.keyword.internal.WebUIKeywordMain.runKeyword(WebUIKeywordMain.groovy:26)
	at com.kms.katalon.core.webui.keyword.builtin.ClickKeyword.click(ClickKeyword.groovy:102)
	at com.kms.katalon.core.webui.keyword.builtin.ClickKeyword.execute(ClickKeyword.groovy:43)
	at com.kms.katalon.core.keyword.internal.KeywordExecutor.executeKeywordForPlatform(KeywordExecutor.groovy:72)
	at com.kms.katalon.core.webui.keyword.WebUiBuiltInKeywords.click(WebUiBuiltInKeywords.groovy:616)
	at com.kms.katalon.core.webui.keyword.WebUiBuiltInKeywords$click$1.call(Unknown Source)
	at More_Than_15_Char.run(More_Than_15_Char:23)
	at com.kms.katalon.core.main.ScriptEngine.run(ScriptEngine.java:194)
	at com.kms.katalon.core.main.ScriptEngine.runScriptAsRawText(ScriptEngine.java:119)
	at com.kms.katalon.core.main.TestCaseExecutor.runScript(TestCaseExecutor.java:337)
	at com.kms.katalon.core.main.TestCaseExecutor.doExecute(TestCaseExecutor.java:328)
	at com.kms.katalon.core.main.TestCaseExecutor.processExecutionPhase(TestCaseExecutor.java:307)
	at com.kms.katalon.core.main.TestCaseExecutor.accessMainPhase(TestCaseExecutor.java:299)
	at com.kms.katalon.core.main.TestCaseExecutor.execute(TestCaseExecutor.java:233)
	at com.kms.katalon.core.main.TestSuiteExecutor.accessTestCaseMainPhase(TestSuiteExecutor.java:169)
	at com.kms.katalon.core.main.TestSuiteExecutor.accessTestSuiteMainPhase(TestSuiteExecutor.java:142)
	at com.kms.katalon.core.main.TestSuiteExecutor.execute(TestSuiteExecutor.java:91)
	at com.kms.katalon.core.main.TestCaseMain.startTestSuite(TestCaseMain.java:157)
	at com.kms.katalon.core.main.TestCaseMain$startTestSuite$0.call(Unknown Source)
	at TempTestSuite1577547168865.run(TempTestSuite1577547168865.groovy:36)
Caused by: com.kms.katalon.core.webui.exception.WebElementNotFoundException: Web element with id: 'Object Repository/1_Create_Team/Page_Mattermost/span_Create a new team' located by 'By.xpath: //a[@id='createNewTeamLink']/span' not found
	at com.kms.katalon.core.webui.common.WebUiCommonHelper.findWebElement(WebUiCommonHelper.java:1154)
	at com.kms.katalon.core.webui.keyword.internal.WebUIAbstractKeyword.findWebElement(WebUIAbstractKeyword.groovy:27)
	at com.kms.katalon.core.webui.keyword.internal.WebUIAbstractKeyword.findWebElement(WebUIAbstractKeyword.groovy:26)
	at com.kms.katalon.core.webui.keyword.builtin.ClickKeyword$_click_closure1.doCall(ClickKeyword.groovy:67)
	at com.kms.katalon.core.webui.keyword.builtin.ClickKeyword$_click_closure1.call(ClickKeyword.groovy)
	at com.kms.katalon.core.webui.keyword.internal.WebUIKeywordMain.runKeyword(WebUIKeywordMain.groovy:20)
	... 19 more
"/>
         <system-out><![CDATA[2019-12-28 22:36:30 - [TEST_CASE][FAILED] - Test Cases/1_Create_Team/More_Than_15_Char: Test Cases/1_Create_Team/More_Than_15_Char FAILED.
Reason:
com.kms.katalon.core.exception.StepFailedException: Unable to click on object 'Object Repository/1_Create_Team/Page_Mattermost/span_Create a new team'
	at com.kms.katalon.core.webui.keyword.internal.WebUIKeywordMain.stepFailed(WebUIKeywordMain.groovy:64)
	at com.kms.katalon.core.webui.keyword.internal.WebUIKeywordMain.runKeyword(WebUIKeywordMain.groovy:26)
[...]
	at com.kms.katalon.core.webui.common.WebUiCommonHelper.findWebElement(WebUiCommonHelper.java:1154)
	at com.kms.katalon.core.webui.keyword.internal.WebUIAbstractKeyword.findWebElement(WebUIAbstractKeyword.groovy:27)
	at com.kms.katalon.core.webui.keyword.internal.WebUIAbstractKeyword.findWebElement(WebUIAbstractKeyword.groovy:26)
	at com.kms.katalon.core.webui.keyword.builtin.SetTextKeyword$_setText_closure1.doCall(SetTextKeyword.groovy:51)
	at com.kms.katalon.core.webui.keyword.builtin.SetTextKeyword$_setText_closure1.call(SetTextKeyword.groovy)
	at com.kms.katalon.core.webui.keyword.internal.WebUIKeywordMain.runKeyword(WebUIKeywordMain.groovy:20)
	... 19 more


2019-12-28 23:30:21 - [TEST_STEP][PASSED] - openBrowser(""): Browser is opened with url: ''

2019-12-28 23:30:21 - [MESSAGE][PASSED] - Browser is opened with url: ''

2019-12-28 23:30:21 - [TEST_STEP][PASSED] - navigateToUrl("https://mattermost-duo-test-yen.herokuapp.com/bumblebee/messages/@tringuyen"): Navigate to 'https://mattermost-duo-test-yen.herokuapp.com/bumblebee/messages/@tringuyen' successfully

2019-12-28 23:30:22 - [MESSAGE][PASSED] - Navigate to 'https://mattermost-duo-test-yen.herokuapp.com/bumblebee/messages/@tringuyen' successfully

2019-12-28 23:30:22 - [TEST_STEP][FAILED] - setText(findTestObject("2_Create_Channel/Page_(2)  tringuyen - Bumblebee Mattermost/textarea_No depending be convinced in unfee_db377f"), Text): Unable to set text 'empty' of object 'Object Repository/2_Create_Channel/Page_(2)  tringuyen - Bumblebee Mattermost/textarea_No depending be convinced in unfee_db377f' (Root cause: com.kms.katalon.core.exception.StepFailedException: Unable to set text 'empty' of object 'Object Repository/2_Create_Channel/Page_(2)  tringuyen - Bumblebee Mattermost/textarea_No depending be convinced in unfee_db377f'
	at com.kms.katalon.core.webui.keyword.internal.WebUIKeywordMain.stepFailed(WebUIKeywordMain.groovy:64)
	at com.kms.katalon.core.webui.keyword.internal.WebUIKeywordMain.runKeyword(WebUIKeywordMain.groovy:26)
	at com.kms.katalon.core.webui.keyword.builtin.SetTextKeyword.setText(SetTextKeyword.groovy:66)
	at com.kms.katalon.core.webui.keyword.builtin.SetTextKeyword.execute(SetTextKeyword.groovy:37)
	at com.kms.katalon.core.keyword.internal.KeywordExecutor.executeKeywordForPlatform(KeywordExecutor.groovy:72)
	at com.kms.katalon.core.webui.keyword.WebUiBuiltInKeywords.setText(WebUiBuiltInKeywords.groovy:950)
	at com.kms.katalon.core.webui.keyword.WebUiBuiltInKeywords$setText$2.call(Unknown Source)
	at Send_Only-text_Message.run(Send_Only-text_Message:23)
	at com.kms.katalon.core.main.ScriptEngine.run(ScriptEngine.java:194)
	at com.kms.katalon.core.main.ScriptEngine.runScriptAsRawText(ScriptEngine.java:119)
	at com.kms.katalon.core.main.TestCaseExecutor.runScript(TestCaseExecutor.java:337)
	at com.kms.katalon.core.main.TestCaseExecutor.doExecute(TestCaseExecutor.java:328)
	at com.kms.katalon.core.main.TestCaseExecutor.processExecutionPhase(TestCaseExecutor.java:307)
	at com.kms.katalon.core.main.TestCaseExecutor.accessMainPhase(TestCaseExecutor.java:299)
	at com.kms.katalon.core.main.TestCaseExecutor.execute(TestCaseExecutor.java:233)
	at com.kms.katalon.core.main.TestSuiteExecutor.accessTestCaseMainPhase(TestSuiteExecutor.java:169)
	at com.kms.katalon.core.main.TestSuiteExecutor.accessTestSuiteMainPhase(TestSuiteExecutor.java:142)
	at com.kms.katalon.core.main.TestSuiteExecutor.execute(TestSuiteExecutor.java:91)
	at com.kms.katalon.core.main.TestCaseMain.startTestSuite(TestCaseMain.java:157)
	at com.kms.katalon.core.main.TestCaseMain$startTestSuite$0.call(Unknown Source)
	at TempTestSuite1577547168865.run(TempTestSuite1577547168865.groovy:36)
Caused by: com.kms.katalon.core.webui.exception.WebElementNotFoundException: Web element with id: 'Object Repository/2_Create_Channel/Page_(2)  tringuyen - Bumblebee Mattermost/textarea_No depending be convinced in unfee_db377f' located by 'By.xpath: //textarea[@id='post_textbox']' not found
	at com.kms.katalon.core.webui.common.WebUiCommonHelper.findWebElement(WebUiCommonHelper.java:1154)
	at com.kms.katalon.core.webui.keyword.internal.WebUIAbstractKeyword.findWebElement(WebUIAbstractKeyword.groovy:27)
	at com.kms.katalon.core.webui.keyword.internal.WebUIAbstractKeyword.findWebElement(WebUIAbstractKeyword.groovy:26)
	at com.kms.katalon.core.webui.keyword.builtin.SetTextKeyword$_setText_closure1.doCall(SetTextKeyword.groovy:51)
	at com.kms.katalon.core.webui.keyword.builtin.SetTextKeyword$_setText_closure1.call(SetTextKeyword.groovy)
	at com.kms.katalon.core.webui.keyword.internal.WebUIKeywordMain.runKeyword(WebUIKeywordMain.groovy:20)
	at com.kms.katalon.core.webui.keyword.builtin.SetTextKeyword.setText(SetTextKeyword.groovy:66)
	at com.kms.katalon.core.webui.keyword.builtin.SetTextKeyword.execute(SetTextKeyword.groovy:37)
	at com.kms.katalon.core.keyword.internal.KeywordExecutor.executeKeywordForPlatform(KeywordExecutor.groovy:72)
	at com.kms.katalon.core.webui.keyword.WebUiBuiltInKeywords.setText(WebUiBuiltInKeywords.groovy:950)
	at com.kms.katalon.core.webui.keyword.WebUiBuiltInKeywords$setText$2.call(Unknown Source)
	at Script1576935034286.run(Script1576935034286.groovy:23)
	... 13 more
)

2019-12-28 23:31:06 - [MESSAGE][INFO] - Unable to find the element located by 'By.xpath: //textarea[@id='post_textbox']'. Please recheck the objects properties to make sure the desired element is located. 

2019-12-28 23:31:06 - [MESSAGE][INFO] - [SMART_XPATH] Auto-trying out other XPath values in the test object.

2019-12-28 23:31:06 - [MESSAGE][INFO] - [SMART_XPATH] FAILED XPATH: '//textarea[@id='post_textbox']'.

2019-12-28 23:31:06 - [MESSAGE][INFO] - [SMART_XPATH] FAILED XPATH: '//div[@id='centerChannelFooter']/div/div/div[2]/textarea'.

2019-12-28 23:31:06 - [MESSAGE][INFO] - [SMART_XPATH] FAILED XPATH: '(.//*[normalize-space(text()) and normalize-space(.)='Set a Header'])[1]/following::textarea[1]'.

2019-12-28 23:31:06 - [MESSAGE][INFO] - [SMART_XPATH] FAILED XPATH: '(.//*[normalize-space(text()) and normalize-space(.)='tringuyen'])[4]/following::textarea[1]'.

2019-12-28 23:31:07 - [MESSAGE][INFO] - [SMART_XPATH] FAILED XPATH: '(.//*[normalize-space(text()) and normalize-space(.)='**bold**'])[1]/preceding::textarea[2]'.

2019-12-28 23:31:07 - [MESSAGE][INFO] - [SMART_XPATH] FAILED XPATH: '(.//*[normalize-space(text()) and normalize-space(.)='_italic_'])[1]/preceding::textarea[2]'.

2019-12-28 23:31:07 - [MESSAGE][INFO] - [SMART_XPATH] FAILED XPATH: '//textarea'.

2019-12-28 23:31:07 - [MESSAGE][INFO] - [SMART_XPATH] No working XPath is found.

2019-12-28 23:31:07 - [MESSAGE][FAILED] - Unable to set text 'empty' of object 'Object Repository/2_Create_Channel/Page_(2)  tringuyen - Bumblebee Mattermost/textarea_No depending be convinced in unfee_db377f' (Root cause: com.kms.katalon.core.exception.StepFailedException: Unable to set text 'empty' of object 'Object Repository/2_Create_Channel/Page_(2)  tringuyen - Bumblebee Mattermost/textarea_No depending be convinced in unfee_db377f'
	at com.kms.katalon.core.webui.keyword.internal.WebUIKeywordMain.stepFailed(WebUIKeywordMain.groovy:64)
	at com.kms.katalon.core.webui.keyword.internal.WebUIKeywordMain.runKeyword(WebUIKeywordMain.groovy:26)
	at com.kms.katalon.core.webui.keyword.builtin.SetTextKeyword.setText(SetTextKeyword.groovy:66)
	at com.kms.katalon.core.webui.keyword.builtin.SetTextKeyword.execute(SetTextKeyword.groovy:37)
	at com.kms.katalon.core.keyword.internal.KeywordExecutor.executeKeywordForPlatform(KeywordExecutor.groovy:72)
	at com.kms.katalon.core.webui.keyword.WebUiBuiltInKeywords.setText(WebUiBuiltInKeywords.groovy:950)
	at com.kms.katalon.core.webui.keyword.WebUiBuiltInKeywords$setText$2.call(Unknown Source)
	at Send_Only-text_Message.run(Send_Only-text_Message:23)
	at com.kms.katalon.core.main.ScriptEngine.run(ScriptEngine.java:194)
	at com.kms.katalon.core.main.ScriptEngine.runScriptAsRawText(ScriptEngine.java:119)
	at com.kms.katalon.core.main.TestCaseExecutor.runScript(TestCaseExecutor.java:337)
	at com.kms.katalon.core.main.TestCaseExecutor.doExecute(TestCaseExecutor.java:328)
	at com.kms.katalon.core.main.TestCaseExecutor.processExecutionPhase(TestCaseExecutor.java:307)
	at com.kms.katalon.core.main.TestCaseExecutor.accessMainPhase(TestCaseExecutor.java:299)
	at com.kms.katalon.core.main.TestCaseExecutor.execute(TestCaseExecutor.java:233)
	at com.kms.katalon.core.main.TestSuiteExecutor.accessTestCaseMainPhase(TestSuiteExecutor.java:169)
	at com.kms.katalon.core.main.TestSuiteExecutor.accessTestSuiteMainPhase(TestSuiteExecutor.java:142)
	at com.kms.katalon.core.main.TestSuiteExecutor.execute(TestSuiteExecutor.java:91)
	at com.kms.katalon.core.main.TestCaseMain.startTestSuite(TestCaseMain.java:157)
	at com.kms.katalon.core.main.TestCaseMain$startTestSuite$0.call(Unknown Source)
	at TempTestSuite1577547168865.run(TempTestSuite1577547168865.groovy:36)
Caused by: com.kms.katalon.core.webui.exception.WebElementNotFoundException: Web element with id: 'Object Repository/2_Create_Channel/Page_(2)  tringuyen - Bumblebee Mattermost/textarea_No depending be convinced in unfee_db377f' located by 'By.xpath: //textarea[@id='post_textbox']' not found
	at com.kms.katalon.core.webui.common.WebUiCommonHelper.findWebElement(WebUiCommonHelper.java:1154)
	at com.kms.katalon.core.webui.keyword.internal.WebUIAbstractKeyword.findWebElement(WebUIAbstractKeyword.groovy:27)
	at com.kms.katalon.core.webui.keyword.internal.WebUIAbstractKeyword.findWebElement(WebUIAbstractKeyword.groovy:26)
	at com.kms.katalon.core.webui.keyword.builtin.SetTextKeyword$_setText_closure1.doCall(SetTextKeyword.groovy:51)
	at com.kms.katalon.core.webui.keyword.builtin.SetTextKeyword$_setText_closure1.call(SetTextKeyword.groovy)
	at com.kms.katalon.core.webui.keyword.internal.WebUIKeywordMain.runKeyword(WebUIKeywordMain.groovy:20)
	at com.kms.katalon.core.webui.keyword.builtin.SetTextKeyword.setText(SetTextKeyword.groovy:66)
	at com.kms.katalon.core.webui.keyword.builtin.SetTextKeyword.execute(SetTextKeyword.groovy:37)
	at com.kms.katalon.core.keyword.internal.KeywordExecutor.executeKeywordForPlatform(KeywordExecutor.groovy:72)
	at com.kms.katalon.core.webui.keyword.WebUiBuiltInKeywords.setText(WebUiBuiltInKeywords.groovy:950)
	at com.kms.katalon.core.webui.keyword.WebUiBuiltInKeywords$setText$2.call(Unknown Source)
	at Script1576935034286.run(Script1576935034286.groovy:23)
	... 13 more
)
[[ATTACHMENT|/Users/nguyentri/Desktop/Learn/SoftwareEngineer/mattermost-duo-test/Reports/20191228_223248/Run_all_test_cases/20191228_223248/1577550667663.png]]]]></system-out>
         <system-err><![CDATA[2019-12-28 23:30:20 - [TEST_CASE][FAILED] - Test Cases/4_Send_Message_On_Channel/Send_Only-text_Message: Test Cases/4_Send_Message_On_Channel/Send_Only-text_Message FAILED.
Reason:
com.kms.katalon.core.exception.StepFailedException: Unable to set text 'empty' of object 'Object Repository/2_Create_Channel/Page_(2)  tringuyen - Bumblebee Mattermost/textarea_No depending be convinced in unfee_db377f'
	at com.kms.katalon.core.webui.keyword.internal.WebUIKeywordMain.stepFailed(WebUIKeywordMain.groovy:64)
	at com.kms.katalon.core.webui.keyword.internal.WebUIKeywordMain.runKeyword(WebUIKeywordMain.groovy:26)
	at com.kms.katalon.core.webui.keyword.builtin.SetTextKeyword.setText(SetTextKeyword.groovy:66)
	at com.kms.katalon.core.webui.keyword.builtin.SetTextKeyword.execute(SetTextKeyword.groovy:37)
	at com.kms.katalon.core.keyword.internal.KeywordExecutor.executeKeywordForPlatform(KeywordExecutor.groovy:72)
	at com.kms.katalon.core.webui.keyword.WebUiBuiltInKeywords.setText(WebUiBuiltInKeywords.groovy:950)
	at com.kms.katalon.core.webui.keyword.WebUiBuiltInKeywords$setText$2.call(Unknown Source)
	at Send_Only-text_Message.run(Send_Only-text_Message:23)
	at com.kms.katalon.core.main.ScriptEngine.run(ScriptEngine.java:194)
	at com.kms.katalon.core.main.ScriptEngine.runScriptAsRawText(ScriptEngine.java:119)
	at com.kms.katalon.core.main.TestCaseExecutor.runScript(TestCaseExecutor.java:337)
	at com.kms.katalon.core.main.TestCaseExecutor.doExecute(TestCaseExecutor.java:328)
	at com.kms.katalon.core.main.TestCaseExecutor.processExecutionPhase(TestCaseExecutor.java:307)
	at com.kms.katalon.core.main.TestCaseExecutor.accessMainPhase(TestCaseExecutor.java:299)
	at com.kms.katalon.core.main.TestCaseExecutor.execute(TestCaseExecutor.java:233)
	at com.kms.katalon.core.main.TestSuiteExecutor.accessTestCaseMainPhase(TestSuiteExecutor.java:169)
	at com.kms.katalon.core.main.TestSuiteExecutor.accessTestSuiteMainPhase(TestSuiteExecutor.java:142)
	at com.kms.katalon.core.main.TestSuiteExecutor.execute(TestSuiteExecutor.java:91)
	at com.kms.katalon.core.main.TestCaseMain.startTestSuite(TestCaseMain.java:157)
	at com.kms.katalon.core.main.TestCaseMain$startTestSuite$0.call(Unknown Source)
	at TempTestSuite1577547168865.run(TempTestSuite1577547168865.groovy:36)
Caused by: com.kms.katalon.core.webui.exception.WebElementNotFoundException: Web element with id: 'Object Repository/2_Create_Channel/Page_(2)  tringuyen - Bumblebee Mattermost/textarea_No depending be convinced in unfee_db377f' located by 'By.xpath: //textarea[@id='post_textbox']' not found
	at com.kms.katalon.core.webui.common.WebUiCommonHelper.findWebElement(WebUiCommonHelper.java:1154)
	at com.kms.katalon.core.webui.keyword.internal.WebUIAbstractKeyword.findWebElement(WebUIAbstractKeyword.groovy:27)
	at com.kms.katalon.core.webui.keyword.internal.WebUIAbstractKeyword.findWebElement(WebUIAbstractKeyword.groovy:26)
	at com.kms.katalon.core.webui.keyword.builtin.SetTextKeyword$_setText_closure1.doCall(SetTextKeyword.groovy:51)
	at com.kms.katalon.core.webui.keyword.builtin.SetTextKeyword$_setText_closure1.call(SetTextKeyword.groovy)
	at com.kms.katalon.core.webui.keyword.internal.WebUIKeywordMain.runKeyword(WebUIKeywordMain.groovy:20)
	... 19 more]]></system-err>
      </testcase>
      <system-out><![CDATA[2019-12-28 22:32:55 - [TEST_SUITE][FAILED] - Run_all_test_cases: Test Cases/1_Create_Team/Empty_Name FAILED.
Reason:
com.kms.katalon.core.exception.StepFailedException: Unable to click on object 'Object Repository/1_Create_Team/span_Create a new team'
	at com.kms.katalon.core.webui.keyword.internal.WebUIKeywordMain.stepFailed(WebUIKeywordMain.groovy:64)
	at com.kms.katalon.core.webui.keyword.internal.WebUIKeywordMain.runKeyword(WebUIKeywordMain.groovy:26)
	at com.kms.katalon.core.webui.keyword.builtin.ClickKeyword.click(ClickKeyword.groovy:102)
	at com.kms.katalon.core.webui.keyword.builtin.ClickKeyword.execute(ClickKeyword.groovy:43)
	at com.kms.katalon.core.keyword.internal.KeywordExecutor.executeKeywordForPlatform(KeywordExecutor.groovy:72)
	at com.kms.katalon.core.webui.keyword.WebUiBuiltInKeywords.click(WebUiBuiltInKeywords.groovy:616)
	at com.kms.katalon.core.webui.keyword.WebUiBuiltInKeywords$click$1.call(Unknown Source)
	at Empty_Name.run(Empty_Name:23)
	at com.kms.katalon.core.main.ScriptEngine.run(ScriptEngine.java:194)
	at com.kms.katalon.core.main.ScriptEngine.runScriptAsRawText(ScriptEngine.java:119)
	at com.kms.katalon.core.main.TestCaseExecutor.runScript(TestCaseExecutor.java:337)
	at com.kms.katalon.core.main.TestCaseExecutor.doExecute(TestCaseExecutor.java:328)
	at com.kms.katalon.core.main.TestCaseExecutor.processExecutionPhase(TestCaseExecutor.java:307)
	at com.kms.katalon.core.main.TestCaseExecutor.accessMainPhase(TestCaseExecutor.java:299)
	at com.kms.katalon.core.main.TestCaseExecutor.execute(TestCaseExecutor.java:233)
	at com.kms.katalon.core.main.TestSuiteExecutor.accessTestCaseMainPhase(TestSuiteExecutor.java:169)
	at com.kms.katalon.core.main.TestSuiteExecutor.accessTestSuiteMainPhase(TestSuiteExecutor.java:142)
	at com.kms.katalon.core.main.TestSuiteExecutor.execute(TestSuiteExecutor.java:91)
	at com.kms.katalon.core.main.TestCaseMain.startTestSuite(TestCaseMain.java:157)
	at com.kms.katalon.core.main.TestCaseMain$startTestSuite$0.call(Unknown Source)
	at TempTestSuite1577547168865.run(TempTestSuite1577547168865.groovy:36)
Caused by: com.kms.katalon.core.webui.exception.WebElementNotFoundException: Web element with id: 'Object Repository/1_Create_Team/span_Create a new team' located by 'By.xpath: //a[@id='createNewTeamLink']/span' not found
	at com.kms.katalon.core.webui.common.WebUiCommonHelper.findWebElement(WebUiCommonHelper.java:1154)
	at com.kms.katalon.core.webui.keyword.internal.WebUIAbstractKeyword.findWebElement(WebUIAbstractKeyword.groovy:27)
	at com.kms.katalon.core.webui.keyword.internal.WebUIAbstractKeyword.findWebElement(WebUIAbstractKeyword.groovy:26)
	at com.kms.katalon.core.webui.keyword.builtin.ClickKeyword$_click_closure1.doCall(ClickKeyword.groovy:67)
	at com.kms.katalon.core.webui.keyword.builtin.ClickKeyword$_click_closure1.call(ClickKeyword.groovy)
	at com.kms.katalon.core.webui.keyword.internal.WebUIKeywordMain.runKeyword(WebUIKeywordMain.groovy:20)
	... 19 more]]></system-out>
      <system-err><![CDATA[2019-12-28 22:32:55 - [TEST_SUITE][FAILED] - Run_all_test_cases: Test Cases/1_Create_Team/Empty_Name FAILED.
Reason:
com.kms.katalon.core.exception.StepFailedException: Unable to click on object 'Object Repository/1_Create_Team/span_Create a new team'
	at com.kms.katalon.core.webui.keyword.internal.WebUIKeywordMain.stepFailed(WebUIKeywordMain.groovy:64)
	at com.kms.katalon.core.webui.keyword.internal.WebUIKeywordMain.runKeyword(WebUIKeywordMain.groovy:26)
	at com.kms.katalon.core.webui.keyword.builtin.ClickKeyword.click(ClickKeyword.groovy:102)
	at com.kms.katalon.core.webui.keyword.builtin.ClickKeyword.execute(ClickKeyword.groovy:43)
	at com.kms.katalon.core.keyword.internal.KeywordExecutor.executeKeywordForPlatform(KeywordExecutor.groovy:72)
	at com.kms.katalon.core.webui.keyword.WebUiBuiltInKeywords.click(WebUiBuiltInKeywords.groovy:616)
	at com.kms.katalon.core.webui.keyword.WebUiBuiltInKeywords$click$1.call(Unknown Source)
	at Empty_Name.run(Empty_Name:23)
	at com.kms.katalon.core.main.ScriptEngine.run(ScriptEngine.java:194)
	at com.kms.katalon.core.main.ScriptEngine.runScriptAsRawText(ScriptEngine.java:119)
	at com.kms.katalon.core.main.TestCaseExecutor.runScript(TestCaseExecutor.java:337)
	at com.kms.katalon.core.main.TestCaseExecutor.doExecute(TestCaseExecutor.java:328)
	at com.kms.katalon.core.main.TestCaseExecutor.processExecutionPhase(TestCaseExecutor.java:307)
	at com.kms.katalon.core.main.TestCaseExecutor.accessMainPhase(TestCaseExecutor.java:299)
	at com.kms.katalon.core.main.TestCaseExecutor.execute(TestCaseExecutor.java:233)
	at com.kms.katalon.core.main.TestSuiteExecutor.accessTestCaseMainPhase(TestSuiteExecutor.java:169)
	at com.kms.katalon.core.main.TestSuiteExecutor.accessTestSuiteMainPhase(TestSuiteExecutor.java:142)
	at com.kms.katalon.core.main.TestSuiteExecutor.execute(TestSuiteExecutor.java:91)
	at com.kms.katalon.core.main.TestCaseMain.startTestSuite(TestCaseMain.java:157)
	at com.kms.katalon.core.main.TestCaseMain$startTestSuite$0.call(Unknown Source)
	at TempTestSuite1577547168865.run(TempTestSuite1577547168865.groovy:36)
Caused by: com.kms.katalon.core.webui.exception.WebElementNotFoundException: Web element with id: 'Object Repository/1_Create_Team/span_Create a new team' located by 'By.xpath: //a[@id='createNewTeamLink']/span' not found
	at com.kms.katalon.core.webui.common.WebUiCommonHelper.findWebElement(WebUiCommonHelper.java:1154)
	at com.kms.katalon.core.webui.keyword.internal.WebUIAbstractKeyword.findWebElement(WebUIAbstractKeyword.groovy:27)
	at com.kms.katalon.core.webui.keyword.internal.WebUIAbstractKeyword.findWebElement(WebUIAbstractKeyword.groovy:26)
	at com.kms.katalon.core.webui.keyword.builtin.ClickKeyword$_click_closure1.doCall(ClickKeyword.groovy:67)
	at com.kms.katalon.core.webui.keyword.builtin.ClickKeyword$_click_closure1.call(ClickKeyword.groovy)
	at com.kms.katalon.core.webui.keyword.internal.WebUIKeywordMain.runKeyword(WebUIKeywordMain.groovy:20)
	... 19 more]]></system-err>
   </testsuite>
</testsuites>
